[2022-10-12 19:00:50 +0200] [7362] [INFO] Starting gunicorn 20.1.0
[2022-10-12 19:00:50 +0200] [7362] [INFO] Listening at: http://0.0.0.0:7050 (7362)
[2022-10-12 19:00:50 +0200] [7362] [INFO] Using worker: sync
[2022-10-12 19:00:50 +0200] [7365] [INFO] Booting worker with pid: 7365
[2022-10-12 19:00:50 +0200] [7366] [INFO] Booting worker with pid: 7366
[2022-10-12 19:00:50 +0200] [7367] [INFO] Booting worker with pid: 7367
[2022-10-12 19:00:50 +0200] [7368] [INFO] Booting worker with pid: 7368
[2022-10-12 19:00:50 +0200] [7365] [INFO] Worker exiting (pid: 7365)
[2022-10-12 19:00:50 +0200] [7372] [INFO] Booting worker with pid: 7372
[2022-10-12 19:00:50 +0200] [7367] [INFO] Worker exiting (pid: 7367)
[2022-10-12 19:00:50 +0200] [7366] [INFO] Worker exiting (pid: 7366)
[2022-10-12 19:00:50 +0200] [7368] [INFO] Worker exiting (pid: 7368)
[2022-10-12 19:00:50 +0200] [7380] [INFO] Booting worker with pid: 7380
[2022-10-12 19:00:50 +0200] [7381] [INFO] Booting worker with pid: 7381
[2022-10-12 19:00:51 +0200] [7372] [INFO] Worker exiting (pid: 7372)
[2022-10-12 19:00:51 +0200] [7382] [INFO] Booting worker with pid: 7382
[2022-10-12 19:00:51 +0200] [7383] [INFO] Booting worker with pid: 7383
[2022-10-12 19:00:51 +0200] [7380] [INFO] Worker exiting (pid: 7380)
[2022-10-12 19:00:51 +0200] [7381] [INFO] Worker exiting (pid: 7381)
[2022-10-12 19:00:51 +0200] [7386] [INFO] Booting worker with pid: 7386
[2022-10-12 19:00:51 +0200] [7382] [INFO] Worker exiting (pid: 7382)
[2022-10-12 19:00:51 +0200] [7387] [INFO] Booting worker with pid: 7387
[2022-10-12 19:00:51 +0200] [7383] [INFO] Worker exiting (pid: 7383)
[2022-10-12 19:00:51 +0200] [7388] [INFO] Booting worker with pid: 7388
[2022-10-12 19:00:51 +0200] [7386] [INFO] Worker exiting (pid: 7386)
[2022-10-12 19:00:51 +0200] [7389] [INFO] Booting worker with pid: 7389
[2022-10-12 19:00:51 +0200] [7387] [INFO] Worker exiting (pid: 7387)
[2022-10-12 19:00:51 +0200] [7390] [INFO] Booting worker with pid: 7390
[2022-10-12 19:00:51 +0200] [7391] [INFO] Booting worker with pid: 7391
[2022-10-12 19:00:51 +0200] [7388] [INFO] Worker exiting (pid: 7388)
[2022-10-12 19:00:51 +0200] [7392] [INFO] Booting worker with pid: 7392
[2022-10-12 19:00:51 +0200] [7390] [INFO] Worker exiting (pid: 7390)
[2022-10-12 19:00:51 +0200] [7389] [INFO] Worker exiting (pid: 7389)
[2022-10-12 19:00:52 +0200] [7391] [INFO] Worker exiting (pid: 7391)
[2022-10-12 19:00:52 +0200] [7393] [INFO] Booting worker with pid: 7393
[2022-10-12 19:00:52 +0200] [7392] [INFO] Worker exiting (pid: 7392)
[2022-10-12 19:00:52 +0200] [7395] [INFO] Booting worker with pid: 7395
[2022-10-12 19:00:52 +0200] [7396] [INFO] Booting worker with pid: 7396
[2022-10-12 19:00:52 +0200] [7397] [INFO] Booting worker with pid: 7397
[2022-10-12 19:00:52 +0200] [7393] [INFO] Worker exiting (pid: 7393)
[2022-10-12 19:00:52 +0200] [7398] [INFO] Booting worker with pid: 7398
[2022-10-12 19:00:52 +0200] [7395] [INFO] Worker exiting (pid: 7395)
[2022-10-12 19:00:52 +0200] [7396] [INFO] Worker exiting (pid: 7396)
[2022-10-12 19:00:52 +0200] [7399] [INFO] Booting worker with pid: 7399
[2022-10-12 19:00:52 +0200] [7397] [INFO] Worker exiting (pid: 7397)
[2022-10-12 19:00:52 +0200] [7400] [INFO] Booting worker with pid: 7400
[2022-10-12 19:00:52 +0200] [7398] [INFO] Worker exiting (pid: 7398)
[2022-10-12 19:00:52 +0200] [7401] [INFO] Booting worker with pid: 7401
[2022-10-12 19:00:52 +0200] [7402] [INFO] Booting worker with pid: 7402
[2022-10-12 19:00:52 +0200] [7399] [INFO] Worker exiting (pid: 7399)
[2022-10-12 19:00:52 +0200] [7400] [INFO] Worker exiting (pid: 7400)
[2022-10-12 19:00:52 +0200] [7403] [INFO] Booting worker with pid: 7403
[2022-10-12 19:00:52 +0200] [7401] [INFO] Worker exiting (pid: 7401)
[2022-10-12 19:00:52 +0200] [7404] [INFO] Booting worker with pid: 7404
[2022-10-12 19:00:52 +0200] [7402] [INFO] Worker exiting (pid: 7402)
[2022-10-12 19:00:53 +0200] [7405] [INFO] Booting worker with pid: 7405
[2022-10-12 19:00:53 +0200] [7403] [INFO] Worker exiting (pid: 7403)
[2022-10-12 19:00:53 +0200] [7406] [INFO] Booting worker with pid: 7406
[2022-10-12 19:00:53 +0200] [7407] [INFO] Booting worker with pid: 7407
[2022-10-12 19:00:53 +0200] [7404] [INFO] Worker exiting (pid: 7404)
[2022-10-12 19:00:53 +0200] [7408] [INFO] Booting worker with pid: 7408
[2022-10-12 19:00:53 +0200] [7405] [INFO] Worker exiting (pid: 7405)
[2022-10-12 19:00:53 +0200] [7406] [INFO] Worker exiting (pid: 7406)
[2022-10-12 19:00:53 +0200] [7409] [INFO] Booting worker with pid: 7409
[2022-10-12 19:00:53 +0200] [7407] [INFO] Worker exiting (pid: 7407)
[2022-10-12 19:00:53 +0200] [7410] [INFO] Booting worker with pid: 7410
[2022-10-12 19:00:53 +0200] [7411] [INFO] Booting worker with pid: 7411
[2022-10-12 19:00:53 +0200] [7408] [INFO] Worker exiting (pid: 7408)
[2022-10-12 19:00:53 +0200] [7412] [INFO] Booting worker with pid: 7412
[2022-10-12 19:00:53 +0200] [7409] [INFO] Worker exiting (pid: 7409)
[2022-10-12 19:00:53 +0200] [7413] [INFO] Booting worker with pid: 7413
[2022-10-12 19:00:53 +0200] [7410] [INFO] Worker exiting (pid: 7410)
[2022-10-12 19:00:53 +0200] [7411] [INFO] Worker exiting (pid: 7411)
[2022-10-12 19:00:53 +0200] [7412] [INFO] Worker exiting (pid: 7412)
[2022-10-12 19:00:53 +0200] [7414] [INFO] Booting worker with pid: 7414
[2022-10-12 19:00:53 +0200] [7415] [INFO] Booting worker with pid: 7415
[2022-10-12 19:00:54 +0200] [7413] [INFO] Worker exiting (pid: 7413)
[2022-10-12 19:00:54 +0200] [7417] [INFO] Booting worker with pid: 7417
[2022-10-12 19:00:54 +0200] [7414] [INFO] Worker exiting (pid: 7414)
[2022-10-12 19:00:54 +0200] [7418] [INFO] Booting worker with pid: 7418
[2022-10-12 19:00:54 +0200] [7419] [INFO] Booting worker with pid: 7419
[2022-10-12 19:00:54 +0200] [7415] [INFO] Worker exiting (pid: 7415)
[2022-10-12 19:00:54 +0200] [7418] [INFO] Worker exiting (pid: 7418)
[2022-10-12 19:00:54 +0200] [7417] [INFO] Worker exiting (pid: 7417)
[2022-10-12 19:00:54 +0200] [7420] [INFO] Booting worker with pid: 7420
[2022-10-12 19:00:54 +0200] [7419] [INFO] Worker exiting (pid: 7419)
[2022-10-12 19:00:54 +0200] [7421] [INFO] Booting worker with pid: 7421
[2022-10-12 19:00:54 +0200] [7422] [INFO] Booting worker with pid: 7422
[2022-10-12 19:00:54 +0200] [7420] [INFO] Worker exiting (pid: 7420)
[2022-10-12 19:00:54 +0200] [7423] [INFO] Booting worker with pid: 7423
[2022-10-12 19:00:54 +0200] [7421] [INFO] Worker exiting (pid: 7421)
[2022-10-12 19:00:54 +0200] [7424] [INFO] Booting worker with pid: 7424
[2022-10-12 19:00:54 +0200] [7425] [INFO] Booting worker with pid: 7425
[2022-10-12 19:00:54 +0200] [7422] [INFO] Worker exiting (pid: 7422)
[2022-10-12 19:00:54 +0200] [7430] [INFO] Booting worker with pid: 7430
[2022-10-12 19:00:54 +0200] [7424] [INFO] Worker exiting (pid: 7424)
[2022-10-12 19:00:55 +0200] [7423] [INFO] Worker exiting (pid: 7423)
[2022-10-12 19:00:55 +0200] [7433] [INFO] Booting worker with pid: 7433
[2022-10-12 19:00:55 +0200] [7425] [INFO] Worker exiting (pid: 7425)
[2022-10-12 19:00:55 +0200] [7435] [INFO] Booting worker with pid: 7435
[2022-10-12 19:00:55 +0200] [7438] [INFO] Booting worker with pid: 7438
[2022-10-12 19:00:55 +0200] [7430] [INFO] Worker exiting (pid: 7430)
[2022-10-12 19:00:55 +0200] [7433] [INFO] Worker exiting (pid: 7433)
[2022-10-12 19:00:55 +0200] [7444] [INFO] Booting worker with pid: 7444
[2022-10-12 19:00:55 +0200] [7435] [INFO] Worker exiting (pid: 7435)
[2022-10-12 19:00:55 +0200] [7438] [INFO] Worker exiting (pid: 7438)
[2022-10-12 19:00:55 +0200] [7445] [INFO] Booting worker with pid: 7445
[2022-10-12 19:00:55 +0200] [7446] [INFO] Booting worker with pid: 7446
[2022-10-12 19:00:55 +0200] [7444] [INFO] Worker exiting (pid: 7444)
[2022-10-12 19:00:55 +0200] [7447] [INFO] Booting worker with pid: 7447
[2022-10-12 19:00:55 +0200] [7445] [INFO] Worker exiting (pid: 7445)
[2022-10-12 19:00:55 +0200] [7448] [INFO] Booting worker with pid: 7448
[2022-10-12 19:00:55 +0200] [7449] [INFO] Booting worker with pid: 7449
[2022-10-12 19:00:55 +0200] [7446] [INFO] Worker exiting (pid: 7446)
[2022-10-12 19:00:55 +0200] [7450] [INFO] Booting worker with pid: 7450
[2022-10-12 19:00:55 +0200] [7447] [INFO] Worker exiting (pid: 7447)
[2022-10-12 19:00:55 +0200] [7448] [INFO] Worker exiting (pid: 7448)
[2022-10-12 19:00:56 +0200] [7449] [INFO] Worker exiting (pid: 7449)
[2022-10-12 19:00:56 +0200] [7451] [INFO] Booting worker with pid: 7451
[2022-10-12 19:00:56 +0200] [7450] [INFO] Worker exiting (pid: 7450)
[2022-10-12 19:00:56 +0200] [7452] [INFO] Booting worker with pid: 7452
[2022-10-12 19:00:56 +0200] [7453] [INFO] Booting worker with pid: 7453
[2022-10-12 19:00:56 +0200] [7454] [INFO] Booting worker with pid: 7454
[2022-10-12 19:00:56 +0200] [7451] [INFO] Worker exiting (pid: 7451)
[2022-10-12 19:00:56 +0200] [7452] [INFO] Worker exiting (pid: 7452)
[2022-10-12 19:00:56 +0200] [7455] [INFO] Booting worker with pid: 7455
[2022-10-12 19:00:56 +0200] [7453] [INFO] Worker exiting (pid: 7453)
[2022-10-12 19:00:56 +0200] [7454] [INFO] Worker exiting (pid: 7454)
[2022-10-12 19:00:56 +0200] [7456] [INFO] Booting worker with pid: 7456
[2022-10-12 19:00:56 +0200] [7457] [INFO] Booting worker with pid: 7457
[2022-10-12 19:00:56 +0200] [7458] [INFO] Booting worker with pid: 7458
[2022-10-12 19:00:56 +0200] [7455] [INFO] Worker exiting (pid: 7455)
[2022-10-12 19:00:56 +0200] [7456] [INFO] Worker exiting (pid: 7456)
[2022-10-12 19:00:56 +0200] [7459] [INFO] Booting worker with pid: 7459
[2022-10-12 19:00:56 +0200] [7457] [INFO] Worker exiting (pid: 7457)
[2022-10-12 19:00:56 +0200] [7460] [INFO] Booting worker with pid: 7460
[2022-10-12 19:00:56 +0200] [7458] [INFO] Worker exiting (pid: 7458)
[2022-10-12 19:00:56 +0200] [7459] [INFO] Worker exiting (pid: 7459)
[2022-10-12 19:00:56 +0200] [7461] [INFO] Booting worker with pid: 7461
[2022-10-12 19:00:57 +0200] [7462] [INFO] Booting worker with pid: 7462
[2022-10-12 19:00:57 +0200] [7460] [INFO] Worker exiting (pid: 7460)
[2022-10-12 19:00:57 +0200] [7463] [INFO] Booting worker with pid: 7463
[2022-10-12 19:00:57 +0200] [7461] [INFO] Worker exiting (pid: 7461)
[2022-10-12 19:00:57 +0200] [7464] [INFO] Booting worker with pid: 7464
[2022-10-12 19:00:57 +0200] [7465] [INFO] Booting worker with pid: 7465
[2022-10-12 19:00:57 +0200] [7462] [INFO] Worker exiting (pid: 7462)
[2022-10-12 19:00:57 +0200] [7466] [INFO] Booting worker with pid: 7466
[2022-10-12 19:00:57 +0200] [7463] [INFO] Worker exiting (pid: 7463)
[2022-10-12 19:00:57 +0200] [7467] [INFO] Booting worker with pid: 7467
[2022-10-12 19:00:57 +0200] [7464] [INFO] Worker exiting (pid: 7464)
[2022-10-12 19:00:57 +0200] [7465] [INFO] Worker exiting (pid: 7465)
[2022-10-12 19:00:57 +0200] [7466] [INFO] Worker exiting (pid: 7466)
[2022-10-12 19:00:57 +0200] [7468] [INFO] Booting worker with pid: 7468
[2022-10-12 19:00:57 +0200] [7467] [INFO] Worker exiting (pid: 7467)
[2022-10-12 19:00:57 +0200] [7469] [INFO] Booting worker with pid: 7469
[2022-10-12 19:00:57 +0200] [7470] [INFO] Booting worker with pid: 7470
[2022-10-12 19:00:57 +0200] [7471] [INFO] Booting worker with pid: 7471
[2022-10-12 19:00:57 +0200] [7468] [INFO] Worker exiting (pid: 7468)
[2022-10-12 19:00:57 +0200] [7469] [INFO] Worker exiting (pid: 7469)
[2022-10-12 19:00:57 +0200] [7472] [INFO] Booting worker with pid: 7472
[2022-10-12 19:00:57 +0200] [7473] [INFO] Booting worker with pid: 7473
[2022-10-12 19:00:57 +0200] [7470] [INFO] Worker exiting (pid: 7470)
[2022-10-12 19:00:57 +0200] [7471] [INFO] Worker exiting (pid: 7471)
[2022-10-12 19:00:57 +0200] [7474] [INFO] Booting worker with pid: 7474
[2022-10-12 19:00:58 +0200] [7473] [INFO] Worker exiting (pid: 7473)
[2022-10-12 19:00:58 +0200] [7475] [INFO] Booting worker with pid: 7475
[2022-10-12 19:00:58 +0200] [7472] [INFO] Worker exiting (pid: 7472)
[2022-10-12 19:00:58 +0200] [7476] [INFO] Booting worker with pid: 7476
[2022-10-12 19:00:58 +0200] [7477] [INFO] Booting worker with pid: 7477
[2022-10-12 19:00:58 +0200] [7474] [INFO] Worker exiting (pid: 7474)
[2022-10-12 19:00:58 +0200] [7475] [INFO] Worker exiting (pid: 7475)
[2022-10-12 19:00:58 +0200] [7478] [INFO] Booting worker with pid: 7478
[2022-10-12 19:00:58 +0200] [7476] [INFO] Worker exiting (pid: 7476)
[2022-10-12 19:00:58 +0200] [7477] [INFO] Worker exiting (pid: 7477)
[2022-10-12 19:00:58 +0200] [7479] [INFO] Booting worker with pid: 7479
[2022-10-12 19:00:58 +0200] [7480] [INFO] Booting worker with pid: 7480
[2022-10-12 19:00:58 +0200] [7481] [INFO] Booting worker with pid: 7481
[2022-10-12 19:00:58 +0200] [7478] [INFO] Worker exiting (pid: 7478)
[2022-10-12 19:00:58 +0200] [7482] [INFO] Booting worker with pid: 7482
[2022-10-12 19:00:58 +0200] [7479] [INFO] Worker exiting (pid: 7479)
[2022-10-12 19:00:58 +0200] [7480] [INFO] Worker exiting (pid: 7480)
[2022-10-12 19:00:58 +0200] [7483] [INFO] Booting worker with pid: 7483
[2022-10-12 19:00:58 +0200] [7481] [INFO] Worker exiting (pid: 7481)
[2022-10-12 19:00:58 +0200] [7484] [INFO] Booting worker with pid: 7484
[2022-10-12 19:00:58 +0200] [7482] [INFO] Worker exiting (pid: 7482)
[2022-10-12 19:00:58 +0200] [7485] [INFO] Booting worker with pid: 7485
[2022-10-12 19:00:58 +0200] [7486] [INFO] Booting worker with pid: 7486
[2022-10-12 19:00:58 +0200] [7483] [INFO] Worker exiting (pid: 7483)
[2022-10-12 19:00:59 +0200] [7484] [INFO] Worker exiting (pid: 7484)
[2022-10-12 19:00:59 +0200] [7485] [INFO] Worker exiting (pid: 7485)
[2022-10-12 19:00:59 +0200] [7487] [INFO] Booting worker with pid: 7487
[2022-10-12 19:00:59 +0200] [7488] [INFO] Booting worker with pid: 7488
[2022-10-12 19:00:59 +0200] [7486] [INFO] Worker exiting (pid: 7486)
[2022-10-12 19:00:59 +0200] [7489] [INFO] Booting worker with pid: 7489
[2022-10-12 19:00:59 +0200] [7490] [INFO] Booting worker with pid: 7490
[2022-10-12 19:00:59 +0200] [7487] [INFO] Worker exiting (pid: 7487)
[2022-10-12 19:00:59 +0200] [7489] [INFO] Worker exiting (pid: 7489)
[2022-10-12 19:00:59 +0200] [7488] [INFO] Worker exiting (pid: 7488)
[2022-10-12 19:00:59 +0200] [7491] [INFO] Booting worker with pid: 7491
[2022-10-12 19:00:59 +0200] [7490] [INFO] Worker exiting (pid: 7490)
[2022-10-12 19:00:59 +0200] [7492] [INFO] Booting worker with pid: 7492
[2022-10-12 19:00:59 +0200] [7493] [INFO] Booting worker with pid: 7493
[2022-10-12 19:00:59 +0200] [7491] [INFO] Worker exiting (pid: 7491)
[2022-10-12 19:00:59 +0200] [7496] [INFO] Booting worker with pid: 7496
[2022-10-12 19:00:59 +0200] [7492] [INFO] Worker exiting (pid: 7492)
[2022-10-12 19:00:59 +0200] [7497] [INFO] Booting worker with pid: 7497
[2022-10-12 19:00:59 +0200] [7498] [INFO] Booting worker with pid: 7498
[2022-10-12 19:00:59 +0200] [7493] [INFO] Worker exiting (pid: 7493)
[2022-10-12 19:00:59 +0200] [7496] [INFO] Worker exiting (pid: 7496)
[2022-10-12 19:00:59 +0200] [7497] [INFO] Worker exiting (pid: 7497)
[2022-10-12 19:01:00 +0200] [7499] [INFO] Booting worker with pid: 7499
[2022-10-12 19:01:00 +0200] [7498] [INFO] Worker exiting (pid: 7498)
[2022-10-12 19:01:00 +0200] [7500] [INFO] Booting worker with pid: 7500
[2022-10-12 19:01:00 +0200] [7501] [INFO] Booting worker with pid: 7501
[2022-10-12 19:01:00 +0200] [7502] [INFO] Booting worker with pid: 7502
[2022-10-12 19:01:00 +0200] [7499] [INFO] Worker exiting (pid: 7499)
[2022-10-12 19:01:00 +0200] [7503] [INFO] Booting worker with pid: 7503
[2022-10-12 19:01:00 +0200] [7500] [INFO] Worker exiting (pid: 7500)
[2022-10-12 19:01:00 +0200] [7501] [INFO] Worker exiting (pid: 7501)
[2022-10-12 19:01:00 +0200] [7502] [INFO] Worker exiting (pid: 7502)
[2022-10-12 19:01:00 +0200] [7504] [INFO] Booting worker with pid: 7504
[2022-10-12 19:01:00 +0200] [7505] [INFO] Booting worker with pid: 7505
[2022-10-12 19:01:00 +0200] [7503] [INFO] Worker exiting (pid: 7503)
[2022-10-12 19:01:00 +0200] [7506] [INFO] Booting worker with pid: 7506
[2022-10-12 19:01:00 +0200] [7504] [INFO] Worker exiting (pid: 7504)
[2022-10-12 19:01:00 +0200] [7507] [INFO] Booting worker with pid: 7507
[2022-10-12 19:01:00 +0200] [7505] [INFO] Worker exiting (pid: 7505)
[2022-10-12 19:01:00 +0200] [7508] [INFO] Booting worker with pid: 7508
[2022-10-12 19:01:00 +0200] [7506] [INFO] Worker exiting (pid: 7506)
[2022-10-12 19:01:00 +0200] [7509] [INFO] Booting worker with pid: 7509
[2022-10-12 19:01:00 +0200] [7507] [INFO] Worker exiting (pid: 7507)
[2022-10-12 19:01:00 +0200] [7510] [INFO] Booting worker with pid: 7510
[2022-10-12 19:01:00 +0200] [7508] [INFO] Worker exiting (pid: 7508)
[2022-10-12 19:01:00 +0200] [7509] [INFO] Worker exiting (pid: 7509)
[2022-10-12 19:01:01 +0200] [7511] [INFO] Booting worker with pid: 7511
[2022-10-12 19:01:01 +0200] [7512] [INFO] Booting worker with pid: 7512
[2022-10-12 19:01:01 +0200] [7513] [INFO] Booting worker with pid: 7513
[2022-10-12 19:01:01 +0200] [7510] [INFO] Worker exiting (pid: 7510)
[2022-10-12 19:01:01 +0200] [7511] [INFO] Worker exiting (pid: 7511)
[2022-10-12 19:01:01 +0200] [7514] [INFO] Booting worker with pid: 7514
[2022-10-12 19:01:01 +0200] [7512] [INFO] Worker exiting (pid: 7512)
[2022-10-12 19:01:01 +0200] [7513] [INFO] Worker exiting (pid: 7513)
[2022-10-12 19:01:01 +0200] [7515] [INFO] Booting worker with pid: 7515
[2022-10-12 19:01:01 +0200] [7516] [INFO] Booting worker with pid: 7516
[2022-10-12 19:01:01 +0200] [7517] [INFO] Booting worker with pid: 7517
[2022-10-12 19:01:01 +0200] [7514] [INFO] Worker exiting (pid: 7514)
[2022-10-12 19:01:01 +0200] [7515] [INFO] Worker exiting (pid: 7515)
[2022-10-12 19:01:01 +0200] [7516] [INFO] Worker exiting (pid: 7516)
[2022-10-12 19:01:01 +0200] [7518] [INFO] Booting worker with pid: 7518
[2022-10-12 19:01:01 +0200] [7517] [INFO] Worker exiting (pid: 7517)
[2022-10-12 19:01:01 +0200] [7519] [INFO] Booting worker with pid: 7519
[2022-10-12 19:01:01 +0200] [7520] [INFO] Booting worker with pid: 7520
[2022-10-12 19:01:01 +0200] [7518] [INFO] Worker exiting (pid: 7518)
[2022-10-12 19:01:01 +0200] [7521] [INFO] Booting worker with pid: 7521
[2022-10-12 19:01:01 +0200] [7519] [INFO] Worker exiting (pid: 7519)
[2022-10-12 19:01:02 +0200] [7520] [INFO] Worker exiting (pid: 7520)
[2022-10-12 19:01:02 +0200] [7533] [INFO] Booting worker with pid: 7533
[2022-10-12 19:01:02 +0200] [7534] [INFO] Booting worker with pid: 7534
[2022-10-12 19:01:02 +0200] [7535] [INFO] Booting worker with pid: 7535
[2022-10-12 19:01:02 +0200] [7521] [INFO] Worker exiting (pid: 7521)
[2022-10-12 19:01:02 +0200] [7536] [INFO] Booting worker with pid: 7536
[2022-10-12 19:01:02 +0200] [7533] [INFO] Worker exiting (pid: 7533)
[2022-10-12 19:01:02 +0200] [7534] [INFO] Worker exiting (pid: 7534)
[2022-10-12 19:01:02 +0200] [7535] [INFO] Worker exiting (pid: 7535)
[2022-10-12 19:01:02 +0200] [7537] [INFO] Booting worker with pid: 7537
[2022-10-12 19:01:02 +0200] [7536] [INFO] Worker exiting (pid: 7536)
[2022-10-12 19:01:02 +0200] [7538] [INFO] Booting worker with pid: 7538
[2022-10-12 19:01:02 +0200] [7539] [INFO] Booting worker with pid: 7539
[2022-10-12 19:01:02 +0200] [7540] [INFO] Booting worker with pid: 7540
[2022-10-12 19:01:02 +0200] [7537] [INFO] Worker exiting (pid: 7537)
[2022-10-12 19:01:02 +0200] [7538] [INFO] Worker exiting (pid: 7538)
[2022-10-12 19:01:02 +0200] [7539] [INFO] Worker exiting (pid: 7539)
[2022-10-12 19:01:02 +0200] [7541] [INFO] Booting worker with pid: 7541
[2022-10-12 19:01:02 +0200] [7540] [INFO] Worker exiting (pid: 7540)
[2022-10-12 19:01:03 +0200] [7542] [INFO] Booting worker with pid: 7542
[2022-10-12 19:01:03 +0200] [7543] [INFO] Booting worker with pid: 7543
[2022-10-12 19:01:03 +0200] [7544] [INFO] Booting worker with pid: 7544
[2022-10-12 19:01:03 +0200] [7541] [INFO] Worker exiting (pid: 7541)
[2022-10-12 19:01:03 +0200] [7542] [INFO] Worker exiting (pid: 7542)
[2022-10-12 19:01:03 +0200] [7545] [INFO] Booting worker with pid: 7545
[2022-10-12 19:01:03 +0200] [7543] [INFO] Worker exiting (pid: 7543)
[2022-10-12 19:01:03 +0200] [7544] [INFO] Worker exiting (pid: 7544)
[2022-10-12 19:01:03 +0200] [7546] [INFO] Booting worker with pid: 7546
[2022-10-12 19:01:03 +0200] [7547] [INFO] Booting worker with pid: 7547
[2022-10-12 19:01:03 +0200] [7548] [INFO] Booting worker with pid: 7548
[2022-10-12 19:01:03 +0200] [7545] [INFO] Worker exiting (pid: 7545)
[2022-10-12 19:01:03 +0200] [7546] [INFO] Worker exiting (pid: 7546)
[2022-10-12 19:01:03 +0200] [7547] [INFO] Worker exiting (pid: 7547)
[2022-10-12 19:01:03 +0200] [7549] [INFO] Booting worker with pid: 7549
[2022-10-12 19:01:03 +0200] [7548] [INFO] Worker exiting (pid: 7548)
[2022-10-12 19:01:03 +0200] [7550] [INFO] Booting worker with pid: 7550
[2022-10-12 19:01:03 +0200] [7551] [INFO] Booting worker with pid: 7551
[2022-10-12 19:01:03 +0200] [7552] [INFO] Booting worker with pid: 7552
[2022-10-12 19:01:03 +0200] [7549] [INFO] Worker exiting (pid: 7549)
[2022-10-12 19:01:04 +0200] [7550] [INFO] Worker exiting (pid: 7550)
[2022-10-12 19:01:04 +0200] [7553] [INFO] Booting worker with pid: 7553
[2022-10-12 19:01:04 +0200] [7554] [INFO] Booting worker with pid: 7554
[2022-10-12 19:01:04 +0200] [7551] [INFO] Worker exiting (pid: 7551)
[2022-10-12 19:01:04 +0200] [7552] [INFO] Worker exiting (pid: 7552)
[2022-10-12 19:01:04 +0200] [7555] [INFO] Booting worker with pid: 7555
[2022-10-12 19:01:04 +0200] [7556] [INFO] Booting worker with pid: 7556
[2022-10-12 19:01:04 +0200] [7554] [INFO] Worker exiting (pid: 7554)
[2022-10-12 19:01:04 +0200] [7553] [INFO] Worker exiting (pid: 7553)
[2022-10-12 19:01:04 +0200] [7555] [INFO] Worker exiting (pid: 7555)
[2022-10-12 19:01:04 +0200] [7557] [INFO] Booting worker with pid: 7557
[2022-10-12 19:01:04 +0200] [7558] [INFO] Booting worker with pid: 7558
[2022-10-12 19:01:04 +0200] [7556] [INFO] Worker exiting (pid: 7556)
[2022-10-12 19:01:04 +0200] [7559] [INFO] Booting worker with pid: 7559
[2022-10-12 19:01:04 +0200] [7560] [INFO] Booting worker with pid: 7560
[2022-10-12 19:01:04 +0200] [7557] [INFO] Worker exiting (pid: 7557)
[2022-10-12 19:01:04 +0200] [7558] [INFO] Worker exiting (pid: 7558)
[2022-10-12 19:01:04 +0200] [7561] [INFO] Booting worker with pid: 7561
[2022-10-12 19:01:04 +0200] [7559] [INFO] Worker exiting (pid: 7559)
[2022-10-12 19:01:04 +0200] [7560] [INFO] Worker exiting (pid: 7560)
[2022-10-12 19:01:05 +0200] [7562] [INFO] Booting worker with pid: 7562
[2022-10-12 19:01:05 +0200] [7563] [INFO] Booting worker with pid: 7563
[2022-10-12 19:01:05 +0200] [7561] [INFO] Worker exiting (pid: 7561)
[2022-10-12 19:01:05 +0200] [7564] [INFO] Booting worker with pid: 7564
[2022-10-12 19:01:05 +0200] [7562] [INFO] Worker exiting (pid: 7562)
[2022-10-12 19:01:05 +0200] [7565] [INFO] Booting worker with pid: 7565
[2022-10-12 19:01:05 +0200] [7566] [INFO] Booting worker with pid: 7566
[2022-10-12 19:01:05 +0200] [7563] [INFO] Worker exiting (pid: 7563)
[2022-10-12 19:01:05 +0200] [7567] [INFO] Booting worker with pid: 7567
[2022-10-12 19:01:05 +0200] [7564] [INFO] Worker exiting (pid: 7564)
[2022-10-12 19:01:05 +0200] [7565] [INFO] Worker exiting (pid: 7565)
[2022-10-12 19:01:05 +0200] [7569] [INFO] Booting worker with pid: 7569
[2022-10-12 19:01:05 +0200] [7566] [INFO] Worker exiting (pid: 7566)
[2022-10-12 19:01:05 +0200] [7570] [INFO] Booting worker with pid: 7570
[2022-10-12 19:01:05 +0200] [7567] [INFO] Worker exiting (pid: 7567)
[2022-10-12 19:01:05 +0200] [7571] [INFO] Booting worker with pid: 7571
[2022-10-12 19:01:05 +0200] [7569] [INFO] Worker exiting (pid: 7569)
[2022-10-12 19:01:05 +0200] [7572] [INFO] Booting worker with pid: 7572
[2022-10-12 19:01:05 +0200] [7573] [INFO] Booting worker with pid: 7573
[2022-10-12 19:01:05 +0200] [7570] [INFO] Worker exiting (pid: 7570)
[2022-10-12 19:01:06 +0200] [7571] [INFO] Worker exiting (pid: 7571)
[2022-10-12 19:01:06 +0200] [7574] [INFO] Booting worker with pid: 7574
[2022-10-12 19:01:06 +0200] [7572] [INFO] Worker exiting (pid: 7572)
[2022-10-12 19:01:06 +0200] [7575] [INFO] Booting worker with pid: 7575
[2022-10-12 19:01:06 +0200] [7576] [INFO] Booting worker with pid: 7576
[2022-10-12 19:01:06 +0200] [7573] [INFO] Worker exiting (pid: 7573)
[2022-10-12 19:01:06 +0200] [7574] [INFO] Worker exiting (pid: 7574)
[2022-10-12 19:01:06 +0200] [7575] [INFO] Worker exiting (pid: 7575)
[2022-10-12 19:01:06 +0200] [7577] [INFO] Booting worker with pid: 7577
[2022-10-12 19:01:06 +0200] [7578] [INFO] Booting worker with pid: 7578
[2022-10-12 19:01:06 +0200] [7579] [INFO] Booting worker with pid: 7579
[2022-10-12 19:01:06 +0200] [7576] [INFO] Worker exiting (pid: 7576)
[2022-10-12 19:01:06 +0200] [7580] [INFO] Booting worker with pid: 7580
[2022-10-12 19:01:06 +0200] [7577] [INFO] Worker exiting (pid: 7577)
[2022-10-12 19:01:06 +0200] [7579] [INFO] Worker exiting (pid: 7579)
[2022-10-12 19:01:06 +0200] [7578] [INFO] Worker exiting (pid: 7578)
[2022-10-12 19:01:06 +0200] [7581] [INFO] Booting worker with pid: 7581
[2022-10-12 19:01:06 +0200] [7580] [INFO] Worker exiting (pid: 7580)
[2022-10-12 19:01:06 +0200] [7582] [INFO] Booting worker with pid: 7582
[2022-10-12 19:01:06 +0200] [7583] [INFO] Booting worker with pid: 7583
[2022-10-12 19:01:07 +0200] [7584] [INFO] Booting worker with pid: 7584
[2022-10-12 19:01:07 +0200] [7581] [INFO] Worker exiting (pid: 7581)
[2022-10-12 19:01:07 +0200] [7582] [INFO] Worker exiting (pid: 7582)
[2022-10-12 19:01:07 +0200] [7583] [INFO] Worker exiting (pid: 7583)
[2022-10-12 19:01:07 +0200] [7585] [INFO] Booting worker with pid: 7585
[2022-10-12 19:01:07 +0200] [7586] [INFO] Booting worker with pid: 7586
[2022-10-12 19:01:07 +0200] [7584] [INFO] Worker exiting (pid: 7584)
[2022-10-12 19:01:07 +0200] [7587] [INFO] Booting worker with pid: 7587
[2022-10-12 19:01:07 +0200] [7588] [INFO] Booting worker with pid: 7588
[2022-10-12 19:01:07 +0200] [7586] [INFO] Worker exiting (pid: 7586)
[2022-10-12 19:01:07 +0200] [7587] [INFO] Worker exiting (pid: 7587)
[2022-10-12 19:01:07 +0200] [7585] [INFO] Worker exiting (pid: 7585)
[2022-10-12 19:01:07 +0200] [7589] [INFO] Booting worker with pid: 7589
[2022-10-12 19:01:07 +0200] [7588] [INFO] Worker exiting (pid: 7588)
[2022-10-12 19:01:07 +0200] [7590] [INFO] Booting worker with pid: 7590
[2022-10-12 19:01:07 +0200] [7591] [INFO] Booting worker with pid: 7591
[2022-10-12 19:01:07 +0200] [7592] [INFO] Booting worker with pid: 7592
[2022-10-12 19:01:07 +0200] [7589] [INFO] Worker exiting (pid: 7589)
[2022-10-12 19:01:08 +0200] [7591] [INFO] Worker exiting (pid: 7591)
[2022-10-12 19:01:08 +0200] [7593] [INFO] Booting worker with pid: 7593
[2022-10-12 19:01:08 +0200] [7590] [INFO] Worker exiting (pid: 7590)
[2022-10-12 19:01:08 +0200] [7592] [INFO] Worker exiting (pid: 7592)
[2022-10-12 19:01:08 +0200] [7594] [INFO] Booting worker with pid: 7594
[2022-10-12 19:01:08 +0200] [7595] [INFO] Booting worker with pid: 7595
[2022-10-12 19:01:08 +0200] [7596] [INFO] Booting worker with pid: 7596
[2022-10-12 19:01:08 +0200] [7593] [INFO] Worker exiting (pid: 7593)
[2022-10-12 19:01:08 +0200] [7594] [INFO] Worker exiting (pid: 7594)
[2022-10-12 19:01:08 +0200] [7597] [INFO] Booting worker with pid: 7597
[2022-10-12 19:01:08 +0200] [7598] [INFO] Booting worker with pid: 7598
[2022-10-12 19:01:08 +0200] [7595] [INFO] Worker exiting (pid: 7595)
[2022-10-12 19:01:08 +0200] [7596] [INFO] Worker exiting (pid: 7596)
[2022-10-12 19:01:08 +0200] [7599] [INFO] Booting worker with pid: 7599
[2022-10-12 19:01:08 +0200] [7600] [INFO] Booting worker with pid: 7600
[2022-10-12 19:01:08 +0200] [7597] [INFO] Worker exiting (pid: 7597)
[2022-10-12 19:01:08 +0200] [7598] [INFO] Worker exiting (pid: 7598)
[2022-10-12 19:01:08 +0200] [7599] [INFO] Worker exiting (pid: 7599)
[2022-10-12 19:01:08 +0200] [7601] [INFO] Booting worker with pid: 7601
[2022-10-12 19:01:08 +0200] [7600] [INFO] Worker exiting (pid: 7600)
[2022-10-12 19:01:09 +0200] [7602] [INFO] Booting worker with pid: 7602
[2022-10-12 19:01:09 +0200] [7603] [INFO] Booting worker with pid: 7603
[2022-10-12 19:01:09 +0200] [7604] [INFO] Booting worker with pid: 7604
[2022-10-12 19:01:09 +0200] [7601] [INFO] Worker exiting (pid: 7601)
[2022-10-12 19:01:09 +0200] [7602] [INFO] Worker exiting (pid: 7602)
[2022-10-12 19:01:09 +0200] [7603] [INFO] Worker exiting (pid: 7603)
[2022-10-12 19:01:09 +0200] [7605] [INFO] Booting worker with pid: 7605
[2022-10-12 19:01:09 +0200] [7606] [INFO] Booting worker with pid: 7606
[2022-10-12 19:01:09 +0200] [7604] [INFO] Worker exiting (pid: 7604)
[2022-10-12 19:01:09 +0200] [7607] [INFO] Booting worker with pid: 7607
[2022-10-12 19:01:09 +0200] [7608] [INFO] Booting worker with pid: 7608
[2022-10-12 19:01:09 +0200] [7605] [INFO] Worker exiting (pid: 7605)
[2022-10-12 19:01:09 +0200] [7606] [INFO] Worker exiting (pid: 7606)
[2022-10-12 19:01:09 +0200] [7607] [INFO] Worker exiting (pid: 7607)
[2022-10-12 19:01:09 +0200] [7609] [INFO] Booting worker with pid: 7609
[2022-10-12 19:01:09 +0200] [7610] [INFO] Booting worker with pid: 7610
[2022-10-12 19:01:09 +0200] [7611] [INFO] Booting worker with pid: 7611
[2022-10-12 19:01:09 +0200] [7608] [INFO] Worker exiting (pid: 7608)
[2022-10-12 19:01:09 +0200] [7612] [INFO] Booting worker with pid: 7612
[2022-10-12 19:01:09 +0200] [7609] [INFO] Worker exiting (pid: 7609)
[2022-10-12 19:01:10 +0200] [7610] [INFO] Worker exiting (pid: 7610)
[2022-10-12 19:01:10 +0200] [7613] [INFO] Booting worker with pid: 7613
[2022-10-12 19:01:10 +0200] [7611] [INFO] Worker exiting (pid: 7611)
[2022-10-12 19:01:10 +0200] [7612] [INFO] Worker exiting (pid: 7612)
[2022-10-12 19:01:10 +0200] [7614] [INFO] Booting worker with pid: 7614
[2022-10-12 19:01:10 +0200] [7615] [INFO] Booting worker with pid: 7615
[2022-10-12 19:01:10 +0200] [7616] [INFO] Booting worker with pid: 7616
[2022-10-12 19:01:10 +0200] [7613] [INFO] Worker exiting (pid: 7613)
[2022-10-12 19:01:10 +0200] [7614] [INFO] Worker exiting (pid: 7614)
[2022-10-12 19:01:10 +0200] [7615] [INFO] Worker exiting (pid: 7615)
[2022-10-12 19:01:10 +0200] [7617] [INFO] Booting worker with pid: 7617
[2022-10-12 19:01:10 +0200] [7618] [INFO] Booting worker with pid: 7618
[2022-10-12 19:01:10 +0200] [7616] [INFO] Worker exiting (pid: 7616)
[2022-10-12 19:01:10 +0200] [7619] [INFO] Booting worker with pid: 7619
[2022-10-12 19:01:10 +0200] [7620] [INFO] Booting worker with pid: 7620
[2022-10-12 19:01:10 +0200] [7617] [INFO] Worker exiting (pid: 7617)
[2022-10-12 19:01:10 +0200] [7619] [INFO] Worker exiting (pid: 7619)
[2022-10-12 19:01:10 +0200] [7618] [INFO] Worker exiting (pid: 7618)
[2022-10-12 19:01:10 +0200] [7621] [INFO] Booting worker with pid: 7621
[2022-10-12 19:01:10 +0200] [7620] [INFO] Worker exiting (pid: 7620)
[2022-10-12 19:01:11 +0200] [7622] [INFO] Booting worker with pid: 7622
[2022-10-12 19:01:11 +0200] [7623] [INFO] Booting worker with pid: 7623
[2022-10-12 19:01:11 +0200] [7624] [INFO] Booting worker with pid: 7624
[2022-10-12 19:01:11 +0200] [7621] [INFO] Worker exiting (pid: 7621)
[2022-10-12 19:01:11 +0200] [7622] [INFO] Worker exiting (pid: 7622)
[2022-10-12 19:01:11 +0200] [7625] [INFO] Booting worker with pid: 7625
[2022-10-12 19:01:11 +0200] [7626] [INFO] Booting worker with pid: 7626
[2022-10-12 19:01:11 +0200] [7623] [INFO] Worker exiting (pid: 7623)
[2022-10-12 19:01:11 +0200] [7624] [INFO] Worker exiting (pid: 7624)
[2022-10-12 19:01:11 +0200] [7625] [INFO] Worker exiting (pid: 7625)
[2022-10-12 19:01:11 +0200] [7627] [INFO] Booting worker with pid: 7627
[2022-10-12 19:01:11 +0200] [7628] [INFO] Booting worker with pid: 7628
[2022-10-12 19:01:11 +0200] [7629] [INFO] Booting worker with pid: 7629
[2022-10-12 19:01:11 +0200] [7626] [INFO] Worker exiting (pid: 7626)
[2022-10-12 19:01:11 +0200] [7627] [INFO] Worker exiting (pid: 7627)
[2022-10-12 19:01:11 +0200] [7630] [INFO] Booting worker with pid: 7630
[2022-10-12 19:01:11 +0200] [7628] [INFO] Worker exiting (pid: 7628)
[2022-10-12 19:01:11 +0200] [7631] [INFO] Booting worker with pid: 7631
[2022-10-12 19:01:11 +0200] [7632] [INFO] Booting worker with pid: 7632
[2022-10-12 19:01:11 +0200] [7629] [INFO] Worker exiting (pid: 7629)
[2022-10-12 19:01:12 +0200] [7633] [INFO] Booting worker with pid: 7633
[2022-10-12 19:01:12 +0200] [7630] [INFO] Worker exiting (pid: 7630)
[2022-10-12 19:01:12 +0200] [7634] [INFO] Booting worker with pid: 7634
[2022-10-12 19:01:12 +0200] [7632] [INFO] Worker exiting (pid: 7632)
[2022-10-12 19:01:12 +0200] [7631] [INFO] Worker exiting (pid: 7631)
[2022-10-12 19:01:12 +0200] [7633] [INFO] Worker exiting (pid: 7633)
[2022-10-12 19:01:12 +0200] [7635] [INFO] Booting worker with pid: 7635
[2022-10-12 19:01:12 +0200] [7636] [INFO] Booting worker with pid: 7636
[2022-10-12 19:01:12 +0200] [7637] [INFO] Booting worker with pid: 7637
[2022-10-12 19:01:12 +0200] [7634] [INFO] Worker exiting (pid: 7634)
[2022-10-12 19:01:12 +0200] [7638] [INFO] Booting worker with pid: 7638
[2022-10-12 19:01:12 +0200] [7635] [INFO] Worker exiting (pid: 7635)
[2022-10-12 19:01:12 +0200] [7639] [INFO] Booting worker with pid: 7639
[2022-10-12 19:01:12 +0200] [7636] [INFO] Worker exiting (pid: 7636)
[2022-10-12 19:01:12 +0200] [7637] [INFO] Worker exiting (pid: 7637)
[2022-10-12 19:01:12 +0200] [7638] [INFO] Worker exiting (pid: 7638)
[2022-10-12 19:01:12 +0200] [7640] [INFO] Booting worker with pid: 7640
[2022-10-12 19:01:13 +0200] [7641] [INFO] Booting worker with pid: 7641
[2022-10-12 19:01:13 +0200] [7639] [INFO] Worker exiting (pid: 7639)
[2022-10-12 19:01:13 +0200] [7642] [INFO] Booting worker with pid: 7642
[2022-10-12 19:01:13 +0200] [7643] [INFO] Booting worker with pid: 7643
[2022-10-12 19:01:13 +0200] [7640] [INFO] Worker exiting (pid: 7640)
[2022-10-12 19:01:13 +0200] [7641] [INFO] Worker exiting (pid: 7641)
[2022-10-12 19:01:13 +0200] [7644] [INFO] Booting worker with pid: 7644
[2022-10-12 19:01:13 +0200] [7642] [INFO] Worker exiting (pid: 7642)
[2022-10-12 19:01:13 +0200] [7645] [INFO] Booting worker with pid: 7645
[2022-10-12 19:01:13 +0200] [7646] [INFO] Booting worker with pid: 7646
[2022-10-12 19:01:13 +0200] [7643] [INFO] Worker exiting (pid: 7643)
[2022-10-12 19:01:13 +0200] [7644] [INFO] Worker exiting (pid: 7644)
[2022-10-12 19:01:13 +0200] [7645] [INFO] Worker exiting (pid: 7645)
[2022-10-12 19:01:13 +0200] [7647] [INFO] Booting worker with pid: 7647
[2022-10-12 19:01:13 +0200] [7646] [INFO] Worker exiting (pid: 7646)
[2022-10-12 19:01:13 +0200] [7648] [INFO] Booting worker with pid: 7648
[2022-10-12 19:01:13 +0200] [7649] [INFO] Booting worker with pid: 7649
[2022-10-12 19:01:13 +0200] [7650] [INFO] Booting worker with pid: 7650
[2022-10-12 19:01:13 +0200] [7647] [INFO] Worker exiting (pid: 7647)
[2022-10-12 19:01:14 +0200] [7648] [INFO] Worker exiting (pid: 7648)
[2022-10-12 19:01:14 +0200] [7651] [INFO] Booting worker with pid: 7651
[2022-10-12 19:01:14 +0200] [7649] [INFO] Worker exiting (pid: 7649)
[2022-10-12 19:01:14 +0200] [7652] [INFO] Booting worker with pid: 7652
[2022-10-12 19:01:14 +0200] [7653] [INFO] Booting worker with pid: 7653
[2022-10-12 19:01:14 +0200] [7650] [INFO] Worker exiting (pid: 7650)
[2022-10-12 19:01:14 +0200] [7651] [INFO] Worker exiting (pid: 7651)
[2022-10-12 19:01:14 +0200] [7654] [INFO] Booting worker with pid: 7654
[2022-10-12 19:01:14 +0200] [7652] [INFO] Worker exiting (pid: 7652)
[2022-10-12 19:01:14 +0200] [7655] [INFO] Booting worker with pid: 7655
[2022-10-12 19:01:14 +0200] [7653] [INFO] Worker exiting (pid: 7653)
[2022-10-12 19:01:14 +0200] [7656] [INFO] Booting worker with pid: 7656
[2022-10-12 19:01:14 +0200] [7657] [INFO] Booting worker with pid: 7657
[2022-10-12 19:01:14 +0200] [7654] [INFO] Worker exiting (pid: 7654)
[2022-10-12 19:01:14 +0200] [7655] [INFO] Worker exiting (pid: 7655)
[2022-10-12 19:01:14 +0200] [7656] [INFO] Worker exiting (pid: 7656)
[2022-10-12 19:01:14 +0200] [7658] [INFO] Booting worker with pid: 7658
[2022-10-12 19:01:14 +0200] [7657] [INFO] Worker exiting (pid: 7657)
[2022-10-12 19:01:14 +0200] [7659] [INFO] Booting worker with pid: 7659
[2022-10-12 19:01:14 +0200] [7660] [INFO] Booting worker with pid: 7660
[2022-10-12 19:01:15 +0200] [7661] [INFO] Booting worker with pid: 7661
[2022-10-12 19:01:15 +0200] [7658] [INFO] Worker exiting (pid: 7658)
[2022-10-12 19:01:15 +0200] [7659] [INFO] Worker exiting (pid: 7659)
[2022-10-12 19:01:15 +0200] [7662] [INFO] Booting worker with pid: 7662
[2022-10-12 19:01:15 +0200] [7660] [INFO] Worker exiting (pid: 7660)
[2022-10-12 19:01:15 +0200] [7661] [INFO] Worker exiting (pid: 7661)
[2022-10-12 19:01:15 +0200] [7663] [INFO] Booting worker with pid: 7663
[2022-10-12 19:01:15 +0200] [7664] [INFO] Booting worker with pid: 7664
[2022-10-12 19:01:15 +0200] [7665] [INFO] Booting worker with pid: 7665
[2022-10-12 19:01:15 +0200] [7662] [INFO] Worker exiting (pid: 7662)
[2022-10-12 19:01:15 +0200] [7663] [INFO] Worker exiting (pid: 7663)
[2022-10-12 19:01:15 +0200] [7666] [INFO] Booting worker with pid: 7666
[2022-10-12 19:01:15 +0200] [7664] [INFO] Worker exiting (pid: 7664)
[2022-10-12 19:01:15 +0200] [7667] [INFO] Booting worker with pid: 7667
[2022-10-12 19:01:15 +0200] [7665] [INFO] Worker exiting (pid: 7665)
[2022-10-12 19:01:15 +0200] [7668] [INFO] Booting worker with pid: 7668
[2022-10-12 19:01:16 +0200] [7669] [INFO] Booting worker with pid: 7669
[2022-10-12 19:01:16 +0200] [7666] [INFO] Worker exiting (pid: 7666)
[2022-10-12 19:01:16 +0200] [7667] [INFO] Worker exiting (pid: 7667)
[2022-10-12 19:01:16 +0200] [7670] [INFO] Booting worker with pid: 7670
[2022-10-12 19:01:16 +0200] [7668] [INFO] Worker exiting (pid: 7668)
[2022-10-12 19:01:16 +0200] [7669] [INFO] Worker exiting (pid: 7669)
[2022-10-12 19:01:16 +0200] [7672] [INFO] Booting worker with pid: 7672
[2022-10-12 19:01:16 +0200] [7673] [INFO] Booting worker with pid: 7673
[2022-10-12 19:01:16 +0200] [7670] [INFO] Worker exiting (pid: 7670)
[2022-10-12 19:01:16 +0200] [7674] [INFO] Booting worker with pid: 7674
[2022-10-12 19:01:16 +0200] [7675] [INFO] Booting worker with pid: 7675
[2022-10-12 19:01:16 +0200] [7672] [INFO] Worker exiting (pid: 7672)
[2022-10-12 19:01:16 +0200] [7676] [INFO] Booting worker with pid: 7676
[2022-10-12 19:01:16 +0200] [7673] [INFO] Worker exiting (pid: 7673)
[2022-10-12 19:01:16 +0200] [7674] [INFO] Worker exiting (pid: 7674)
[2022-10-12 19:01:16 +0200] [7677] [INFO] Booting worker with pid: 7677
[2022-10-12 19:01:16 +0200] [7675] [INFO] Worker exiting (pid: 7675)
[2022-10-12 19:01:16 +0200] [7678] [INFO] Booting worker with pid: 7678
[2022-10-12 19:01:17 +0200] [7679] [INFO] Booting worker with pid: 7679
[2022-10-12 19:01:17 +0200] [7676] [INFO] Worker exiting (pid: 7676)
[2022-10-12 19:01:17 +0200] [7677] [INFO] Worker exiting (pid: 7677)
[2022-10-12 19:01:17 +0200] [7680] [INFO] Booting worker with pid: 7680
[2022-10-12 19:01:17 +0200] [7681] [INFO] Booting worker with pid: 7681
[2022-10-12 19:01:17 +0200] [7679] [INFO] Worker exiting (pid: 7679)
[2022-10-12 19:01:17 +0200] [7678] [INFO] Worker exiting (pid: 7678)
[2022-10-12 19:01:17 +0200] [7680] [INFO] Worker exiting (pid: 7680)
[2022-10-12 19:01:17 +0200] [7682] [INFO] Booting worker with pid: 7682
[2022-10-12 19:01:17 +0200] [7683] [INFO] Booting worker with pid: 7683
[2022-10-12 19:01:17 +0200] [7684] [INFO] Booting worker with pid: 7684
[2022-10-12 19:01:17 +0200] [7681] [INFO] Worker exiting (pid: 7681)
[2022-10-12 19:01:17 +0200] [7685] [INFO] Booting worker with pid: 7685
[2022-10-12 19:01:17 +0200] [7683] [INFO] Worker exiting (pid: 7683)
[2022-10-12 19:01:17 +0200] [7686] [INFO] Booting worker with pid: 7686
[2022-10-12 19:01:17 +0200] [7684] [INFO] Worker exiting (pid: 7684)
[2022-10-12 19:01:17 +0200] [7682] [INFO] Worker exiting (pid: 7682)
[2022-10-12 19:01:18 +0200] [7685] [INFO] Worker exiting (pid: 7685)
[2022-10-12 19:01:18 +0200] [7687] [INFO] Booting worker with pid: 7687
[2022-10-12 19:01:18 +0200] [7688] [INFO] Booting worker with pid: 7688
[2022-10-12 19:01:18 +0200] [7689] [INFO] Booting worker with pid: 7689
[2022-10-12 19:01:18 +0200] [7686] [INFO] Worker exiting (pid: 7686)
[2022-10-12 19:01:18 +0200] [7690] [INFO] Booting worker with pid: 7690
[2022-10-12 19:01:18 +0200] [7687] [INFO] Worker exiting (pid: 7687)
[2022-10-12 19:01:18 +0200] [7688] [INFO] Worker exiting (pid: 7688)
[2022-10-12 19:01:18 +0200] [7691] [INFO] Booting worker with pid: 7691
[2022-10-12 19:01:18 +0200] [7689] [INFO] Worker exiting (pid: 7689)
[2022-10-12 19:01:18 +0200] [7692] [INFO] Booting worker with pid: 7692
[2022-10-12 19:01:18 +0200] [7690] [INFO] Worker exiting (pid: 7690)
[2022-10-12 19:01:18 +0200] [7693] [INFO] Booting worker with pid: 7693
[2022-10-12 19:01:18 +0200] [7691] [INFO] Worker exiting (pid: 7691)
[2022-10-12 19:01:18 +0200] [7692] [INFO] Worker exiting (pid: 7692)
[2022-10-12 19:01:18 +0200] [7694] [INFO] Booting worker with pid: 7694
[2022-10-12 19:01:18 +0200] [7695] [INFO] Booting worker with pid: 7695
[2022-10-12 19:01:18 +0200] [7693] [INFO] Worker exiting (pid: 7693)
[2022-10-12 19:01:18 +0200] [7696] [INFO] Booting worker with pid: 7696
[2022-10-12 19:01:19 +0200] [7697] [INFO] Booting worker with pid: 7697
[2022-10-12 19:01:19 +0200] [7694] [INFO] Worker exiting (pid: 7694)
[2022-10-12 19:01:19 +0200] [7698] [INFO] Booting worker with pid: 7698
[2022-10-12 19:01:19 +0200] [7695] [INFO] Worker exiting (pid: 7695)
[2022-10-12 19:01:19 +0200] [7696] [INFO] Worker exiting (pid: 7696)
[2022-10-12 19:01:19 +0200] [7697] [INFO] Worker exiting (pid: 7697)
[2022-10-12 19:01:19 +0200] [7699] [INFO] Booting worker with pid: 7699
[2022-10-12 19:01:19 +0200] [7700] [INFO] Booting worker with pid: 7700
[2022-10-12 19:01:19 +0200] [7701] [INFO] Booting worker with pid: 7701
[2022-10-12 19:01:19 +0200] [7698] [INFO] Worker exiting (pid: 7698)
[2022-10-12 19:01:19 +0200] [7702] [INFO] Booting worker with pid: 7702
[2022-10-12 19:01:19 +0200] [7699] [INFO] Worker exiting (pid: 7699)
[2022-10-12 19:01:19 +0200] [7703] [INFO] Booting worker with pid: 7703
[2022-10-12 19:01:19 +0200] [7700] [INFO] Worker exiting (pid: 7700)
[2022-10-12 19:01:19 +0200] [7701] [INFO] Worker exiting (pid: 7701)
[2022-10-12 19:01:19 +0200] [7702] [INFO] Worker exiting (pid: 7702)
[2022-10-12 19:01:19 +0200] [7704] [INFO] Booting worker with pid: 7704
[2022-10-12 19:01:19 +0200] [7703] [INFO] Worker exiting (pid: 7703)
[2022-10-12 19:01:19 +0200] [7705] [INFO] Booting worker with pid: 7705
[2022-10-12 19:01:20 +0200] [7706] [INFO] Booting worker with pid: 7706
[2022-10-12 19:01:20 +0200] [7704] [INFO] Worker exiting (pid: 7704)
[2022-10-12 19:01:20 +0200] [7707] [INFO] Booting worker with pid: 7707
[2022-10-12 19:01:20 +0200] [7705] [INFO] Worker exiting (pid: 7705)
[2022-10-12 19:01:20 +0200] [7708] [INFO] Booting worker with pid: 7708
[2022-10-12 19:01:20 +0200] [7706] [INFO] Worker exiting (pid: 7706)
[2022-10-12 19:01:20 +0200] [7709] [INFO] Booting worker with pid: 7709
[2022-10-12 19:01:20 +0200] [7710] [INFO] Booting worker with pid: 7710
[2022-10-12 19:01:20 +0200] [7707] [INFO] Worker exiting (pid: 7707)
[2022-10-12 19:01:20 +0200] [7711] [INFO] Booting worker with pid: 7711
[2022-10-12 19:01:20 +0200] [7708] [INFO] Worker exiting (pid: 7708)
[2022-10-12 19:01:20 +0200] [7709] [INFO] Worker exiting (pid: 7709)
[2022-10-12 19:01:20 +0200] [7710] [INFO] Worker exiting (pid: 7710)
[2022-10-12 19:01:20 +0200] [7712] [INFO] Booting worker with pid: 7712
[2022-10-12 19:01:20 +0200] [7713] [INFO] Booting worker with pid: 7713
[2022-10-12 19:01:20 +0200] [7714] [INFO] Booting worker with pid: 7714
[2022-10-12 19:01:20 +0200] [7711] [INFO] Worker exiting (pid: 7711)
[2022-10-12 19:01:20 +0200] [7712] [INFO] Worker exiting (pid: 7712)
[2022-10-12 19:01:20 +0200] [7715] [INFO] Booting worker with pid: 7715
[2022-10-12 19:01:21 +0200] [7713] [INFO] Worker exiting (pid: 7713)
[2022-10-12 19:01:21 +0200] [7716] [INFO] Booting worker with pid: 7716
[2022-10-12 19:01:21 +0200] [7714] [INFO] Worker exiting (pid: 7714)
[2022-10-12 19:01:21 +0200] [7717] [INFO] Booting worker with pid: 7717
[2022-10-12 19:01:21 +0200] [7718] [INFO] Booting worker with pid: 7718
[2022-10-12 19:01:21 +0200] [7715] [INFO] Worker exiting (pid: 7715)
[2022-10-12 19:01:21 +0200] [7716] [INFO] Worker exiting (pid: 7716)
[2022-10-12 19:01:21 +0200] [7719] [INFO] Booting worker with pid: 7719
[2022-10-12 19:01:21 +0200] [7717] [INFO] Worker exiting (pid: 7717)
[2022-10-12 19:01:21 +0200] [7720] [INFO] Booting worker with pid: 7720
[2022-10-12 19:01:21 +0200] [7718] [INFO] Worker exiting (pid: 7718)
[2022-10-12 19:01:21 +0200] [7721] [INFO] Booting worker with pid: 7721
[2022-10-12 19:01:21 +0200] [7719] [INFO] Worker exiting (pid: 7719)
[2022-10-12 19:01:21 +0200] [7722] [INFO] Booting worker with pid: 7722
[2022-10-12 19:01:21 +0200] [7723] [INFO] Booting worker with pid: 7723
[2022-10-12 19:01:21 +0200] [7720] [INFO] Worker exiting (pid: 7720)
[2022-10-12 19:01:21 +0200] [7724] [INFO] Booting worker with pid: 7724
[2022-10-12 19:01:21 +0200] [7721] [INFO] Worker exiting (pid: 7721)
[2022-10-12 19:01:21 +0200] [7722] [INFO] Worker exiting (pid: 7722)
[2022-10-12 19:01:22 +0200] [7723] [INFO] Worker exiting (pid: 7723)
[2022-10-12 19:01:22 +0200] [7725] [INFO] Booting worker with pid: 7725
[2022-10-12 19:01:22 +0200] [7726] [INFO] Booting worker with pid: 7726
[2022-10-12 19:01:22 +0200] [7724] [INFO] Worker exiting (pid: 7724)
[2022-10-12 19:01:22 +0200] [7727] [INFO] Booting worker with pid: 7727
[2022-10-12 19:01:22 +0200] [7728] [INFO] Booting worker with pid: 7728
[2022-10-12 19:01:22 +0200] [7725] [INFO] Worker exiting (pid: 7725)
[2022-10-12 19:01:22 +0200] [7729] [INFO] Booting worker with pid: 7729
[2022-10-12 19:01:22 +0200] [7726] [INFO] Worker exiting (pid: 7726)
[2022-10-12 19:01:22 +0200] [7727] [INFO] Worker exiting (pid: 7727)
[2022-10-12 19:01:22 +0200] [7730] [INFO] Booting worker with pid: 7730
[2022-10-12 19:01:22 +0200] [7728] [INFO] Worker exiting (pid: 7728)
[2022-10-12 19:01:22 +0200] [7731] [INFO] Booting worker with pid: 7731
[2022-10-12 19:01:22 +0200] [7729] [INFO] Worker exiting (pid: 7729)
[2022-10-12 19:01:22 +0200] [7732] [INFO] Booting worker with pid: 7732
[2022-10-12 19:01:22 +0200] [7730] [INFO] Worker exiting (pid: 7730)
[2022-10-12 19:01:22 +0200] [7733] [INFO] Booting worker with pid: 7733
[2022-10-12 19:01:22 +0200] [7734] [INFO] Booting worker with pid: 7734
[2022-10-12 19:01:23 +0200] [7731] [INFO] Worker exiting (pid: 7731)
[2022-10-12 19:01:23 +0200] [7735] [INFO] Booting worker with pid: 7735
[2022-10-12 19:01:23 +0200] [7732] [INFO] Worker exiting (pid: 7732)
[2022-10-12 19:01:23 +0200] [7733] [INFO] Worker exiting (pid: 7733)
[2022-10-12 19:01:23 +0200] [7736] [INFO] Booting worker with pid: 7736
[2022-10-12 19:01:23 +0200] [7734] [INFO] Worker exiting (pid: 7734)
[2022-10-12 19:01:23 +0200] [7737] [INFO] Booting worker with pid: 7737
[2022-10-12 19:01:23 +0200] [7735] [INFO] Worker exiting (pid: 7735)
[2022-10-12 19:01:23 +0200] [7738] [INFO] Booting worker with pid: 7738
[2022-10-12 19:01:23 +0200] [7739] [INFO] Booting worker with pid: 7739
[2022-10-12 19:01:23 +0200] [7736] [INFO] Worker exiting (pid: 7736)
[2022-10-12 19:01:23 +0200] [7737] [INFO] Worker exiting (pid: 7737)
[2022-10-12 19:01:23 +0200] [7740] [INFO] Booting worker with pid: 7740
[2022-10-12 19:01:23 +0200] [7738] [INFO] Worker exiting (pid: 7738)
[2022-10-12 19:01:23 +0200] [7739] [INFO] Worker exiting (pid: 7739)
[2022-10-12 19:01:23 +0200] [7741] [INFO] Booting worker with pid: 7741
[2022-10-12 19:01:23 +0200] [7742] [INFO] Booting worker with pid: 7742
[2022-10-12 19:01:23 +0200] [7743] [INFO] Booting worker with pid: 7743
[2022-10-12 19:01:24 +0200] [7740] [INFO] Worker exiting (pid: 7740)
[2022-10-12 19:01:24 +0200] [7741] [INFO] Worker exiting (pid: 7741)
[2022-10-12 19:01:24 +0200] [7745] [INFO] Booting worker with pid: 7745
[2022-10-12 19:01:24 +0200] [7742] [INFO] Worker exiting (pid: 7742)
[2022-10-12 19:01:24 +0200] [7746] [INFO] Booting worker with pid: 7746
[2022-10-12 19:01:24 +0200] [7743] [INFO] Worker exiting (pid: 7743)
[2022-10-12 19:01:24 +0200] [7747] [INFO] Booting worker with pid: 7747
[2022-10-12 19:01:24 +0200] [7748] [INFO] Booting worker with pid: 7748
[2022-10-12 19:01:24 +0200] [7745] [INFO] Worker exiting (pid: 7745)
[2022-10-12 19:01:24 +0200] [7746] [INFO] Worker exiting (pid: 7746)
[2022-10-12 19:01:24 +0200] [7747] [INFO] Worker exiting (pid: 7747)
[2022-10-12 19:01:24 +0200] [7749] [INFO] Booting worker with pid: 7749
[2022-10-12 19:01:24 +0200] [7750] [INFO] Booting worker with pid: 7750
[2022-10-12 19:01:24 +0200] [7748] [INFO] Worker exiting (pid: 7748)
[2022-10-12 19:01:24 +0200] [7751] [INFO] Booting worker with pid: 7751
[2022-10-12 19:01:24 +0200] [7752] [INFO] Booting worker with pid: 7752
[2022-10-12 19:01:24 +0200] [7749] [INFO] Worker exiting (pid: 7749)
[2022-10-12 19:01:24 +0200] [7753] [INFO] Booting worker with pid: 7753
[2022-10-12 19:01:24 +0200] [7750] [INFO] Worker exiting (pid: 7750)
[2022-10-12 19:01:24 +0200] [7751] [INFO] Worker exiting (pid: 7751)
[2022-10-12 19:01:25 +0200] [7752] [INFO] Worker exiting (pid: 7752)
[2022-10-12 19:01:25 +0200] [7754] [INFO] Booting worker with pid: 7754
[2022-10-12 19:01:25 +0200] [7755] [INFO] Booting worker with pid: 7755
[2022-10-12 19:01:25 +0200] [7756] [INFO] Booting worker with pid: 7756
[2022-10-12 19:01:25 +0200] [7753] [INFO] Worker exiting (pid: 7753)
[2022-10-12 19:01:25 +0200] [7754] [INFO] Worker exiting (pid: 7754)
[2022-10-12 19:01:25 +0200] [7757] [INFO] Booting worker with pid: 7757
[2022-10-12 19:01:25 +0200] [7755] [INFO] Worker exiting (pid: 7755)
[2022-10-12 19:01:25 +0200] [7758] [INFO] Booting worker with pid: 7758
[2022-10-12 19:01:25 +0200] [7756] [INFO] Worker exiting (pid: 7756)
[2022-10-12 19:01:25 +0200] [7759] [INFO] Booting worker with pid: 7759
[2022-10-12 19:01:25 +0200] [7760] [INFO] Booting worker with pid: 7760
[2022-10-12 19:01:25 +0200] [7757] [INFO] Worker exiting (pid: 7757)
[2022-10-12 19:01:25 +0200] [7761] [INFO] Booting worker with pid: 7761
[2022-10-12 19:01:25 +0200] [7758] [INFO] Worker exiting (pid: 7758)
[2022-10-12 19:01:25 +0200] [7759] [INFO] Worker exiting (pid: 7759)
[2022-10-12 19:01:25 +0200] [7760] [INFO] Worker exiting (pid: 7760)
[2022-10-12 19:01:25 +0200] [7762] [INFO] Booting worker with pid: 7762
[2022-10-12 19:01:25 +0200] [7763] [INFO] Booting worker with pid: 7763
[2022-10-12 19:01:25 +0200] [7764] [INFO] Booting worker with pid: 7764
[2022-10-12 19:01:26 +0200] [7761] [INFO] Worker exiting (pid: 7761)
[2022-10-12 19:01:26 +0200] [7762] [INFO] Worker exiting (pid: 7762)
[2022-10-12 19:01:26 +0200] [7765] [INFO] Booting worker with pid: 7765
[2022-10-12 19:01:26 +0200] [7763] [INFO] Worker exiting (pid: 7763)
[2022-10-12 19:01:26 +0200] [7766] [INFO] Booting worker with pid: 7766
[2022-10-12 19:01:26 +0200] [7764] [INFO] Worker exiting (pid: 7764)
[2022-10-12 19:01:26 +0200] [7767] [INFO] Booting worker with pid: 7767
[2022-10-12 19:01:26 +0200] [7768] [INFO] Booting worker with pid: 7768
[2022-10-12 19:01:26 +0200] [7765] [INFO] Worker exiting (pid: 7765)
[2022-10-12 19:01:26 +0200] [7766] [INFO] Worker exiting (pid: 7766)
[2022-10-12 19:01:26 +0200] [7767] [INFO] Worker exiting (pid: 7767)
[2022-10-12 19:01:26 +0200] [7769] [INFO] Booting worker with pid: 7769
[2022-10-12 19:01:26 +0200] [7770] [INFO] Booting worker with pid: 7770
[2022-10-12 19:01:26 +0200] [7771] [INFO] Booting worker with pid: 7771
[2022-10-12 19:01:26 +0200] [7768] [INFO] Worker exiting (pid: 7768)
[2022-10-12 19:01:26 +0200] [7769] [INFO] Worker exiting (pid: 7769)
[2022-10-12 19:01:26 +0200] [7772] [INFO] Booting worker with pid: 7772
[2022-10-12 19:01:27 +0200] [7771] [INFO] Worker exiting (pid: 7771)
[2022-10-12 19:01:27 +0200] [7770] [INFO] Worker exiting (pid: 7770)
[2022-10-12 19:01:27 +0200] [7773] [INFO] Booting worker with pid: 7773
[2022-10-12 19:01:27 +0200] [7774] [INFO] Booting worker with pid: 7774
[2022-10-12 19:01:27 +0200] [7772] [INFO] Worker exiting (pid: 7772)
[2022-10-12 19:01:27 +0200] [7775] [INFO] Booting worker with pid: 7775
[2022-10-12 19:01:27 +0200] [7776] [INFO] Booting worker with pid: 7776
[2022-10-12 19:01:27 +0200] [7773] [INFO] Worker exiting (pid: 7773)
[2022-10-12 19:01:27 +0200] [7777] [INFO] Booting worker with pid: 7777
[2022-10-12 19:01:27 +0200] [7774] [INFO] Worker exiting (pid: 7774)
[2022-10-12 19:01:27 +0200] [7775] [INFO] Worker exiting (pid: 7775)
[2022-10-12 19:01:27 +0200] [7778] [INFO] Booting worker with pid: 7778
[2022-10-12 19:01:27 +0200] [7776] [INFO] Worker exiting (pid: 7776)
[2022-10-12 19:01:27 +0200] [7779] [INFO] Booting worker with pid: 7779
[2022-10-12 19:01:27 +0200] [7777] [INFO] Worker exiting (pid: 7777)
[2022-10-12 19:01:27 +0200] [7780] [INFO] Booting worker with pid: 7780
[2022-10-12 19:01:27 +0200] [7781] [INFO] Booting worker with pid: 7781
[2022-10-12 19:01:27 +0200] [7778] [INFO] Worker exiting (pid: 7778)
[2022-10-12 19:01:27 +0200] [7779] [INFO] Worker exiting (pid: 7779)
[2022-10-12 19:01:27 +0200] [7782] [INFO] Booting worker with pid: 7782
[2022-10-12 19:01:27 +0200] [7780] [INFO] Worker exiting (pid: 7780)
[2022-10-12 19:01:28 +0200] [7781] [INFO] Worker exiting (pid: 7781)
[2022-10-12 19:01:28 +0200] [7783] [INFO] Booting worker with pid: 7783
[2022-10-12 19:01:28 +0200] [7784] [INFO] Booting worker with pid: 7784
[2022-10-12 19:01:28 +0200] [7785] [INFO] Booting worker with pid: 7785
[2022-10-12 19:01:28 +0200] [7782] [INFO] Worker exiting (pid: 7782)
[2022-10-12 19:01:28 +0200] [7783] [INFO] Worker exiting (pid: 7783)
[2022-10-12 19:01:28 +0200] [7786] [INFO] Booting worker with pid: 7786
[2022-10-12 19:01:28 +0200] [7784] [INFO] Worker exiting (pid: 7784)
[2022-10-12 19:01:28 +0200] [7785] [INFO] Worker exiting (pid: 7785)
[2022-10-12 19:01:28 +0200] [7787] [INFO] Booting worker with pid: 7787
[2022-10-12 19:01:28 +0200] [7788] [INFO] Booting worker with pid: 7788
[2022-10-12 19:01:28 +0200] [7789] [INFO] Booting worker with pid: 7789
[2022-10-12 19:01:28 +0200] [7786] [INFO] Worker exiting (pid: 7786)
[2022-10-12 19:01:28 +0200] [7787] [INFO] Worker exiting (pid: 7787)
[2022-10-12 19:01:28 +0200] [7790] [INFO] Booting worker with pid: 7790
[2022-10-12 19:01:28 +0200] [7789] [ERROR] Exception in worker process
Traceback (most recent call last):
  File "/usr/local/lib/python3.10/site-packages/gunicorn/arbiter.py", line 589, in spawn_worker
    worker.init_process()
  File "/usr/local/lib/python3.10/site-packages/gunicorn/workers/base.py", line 134, in init_process
    self.load_wsgi()
  File "/usr/local/lib/python3.10/site-packages/gunicorn/workers/base.py", line 146, in load_wsgi
    self.wsgi = self.app.wsgi()
  File "/usr/local/lib/python3.10/site-packages/gunicorn/app/base.py", line 67, in wsgi
    self.callable = self.load()
  File "/usr/local/lib/python3.10/site-packages/gunicorn/app/wsgiapp.py", line 58, in load
    return self.load_wsgiapp()
  File "/usr/local/lib/python3.10/site-packages/gunicorn/app/wsgiapp.py", line 48, in load_wsgiapp
    return util.import_app(self.app_uri)
  File "/usr/local/lib/python3.10/site-packages/gunicorn/util.py", line 359, in import_app
    mod = importlib.import_module(module)
  File "/usr/local/lib/python3.10/importlib/__init__.py", line 126, in import_module
    return _bootstrap._gcd_import(name[level:], package, level)
  File "<frozen importlib._bootstrap>", line 1050, in _gcd_import
  File "<frozen importlib._bootstrap>", line 1027, in _find_and_load
  File "<frozen importlib._bootstrap>", line 1006, in _find_and_load_unlocked
  File "<frozen importlib._bootstrap>", line 688, in _load_unlocked
  File "<frozen importlib._bootstrap_external>", line 883, in exec_module
  File "<frozen importlib._bootstrap>", line 241, in _call_with_frames_removed
  File "/trinity/local/luna/luna.py", line 22, in <module>
    from common.constant import *
  File "/trinity/local/luna/common/constant.py", line 362, in <module>
    if args["debug"]:
NameError: name 'args' is not defined
[2022-10-12 19:01:28 +0200] [7789] [INFO] Worker exiting (pid: 7789)
[2022-10-12 19:01:28 +0200] [7788] [ERROR] Exception in worker process
Traceback (most recent call last):
  File "/usr/local/lib/python3.10/site-packages/gunicorn/arbiter.py", line 589, in spawn_worker
    worker.init_process()
  File "/usr/local/lib/python3.10/site-packages/gunicorn/workers/base.py", line 134, in init_process
    self.load_wsgi()
  File "/usr/local/lib/python3.10/site-packages/gunicorn/workers/base.py", line 146, in load_wsgi
    self.wsgi = self.app.wsgi()
  File "/usr/local/lib/python3.10/site-packages/gunicorn/app/base.py", line 67, in wsgi
    self.callable = self.load()
  File "/usr/local/lib/python3.10/site-packages/gunicorn/app/wsgiapp.py", line 58, in load
    return self.load_wsgiapp()
  File "/usr/local/lib/python3.10/site-packages/gunicorn/app/wsgiapp.py", line 48, in load_wsgiapp
    return util.import_app(self.app_uri)
  File "/usr/local/lib/python3.10/site-packages/gunicorn/util.py", line 359, in import_app
    mod = importlib.import_module(module)
  File "/usr/local/lib/python3.10/importlib/__init__.py", line 126, in import_module
    return _bootstrap._gcd_import(name[level:], package, level)
  File "<frozen importlib._bootstrap>", line 1050, in _gcd_import
  File "<frozen importlib._bootstrap>", line 1027, in _find_and_load
  File "<frozen importlib._bootstrap>", line 1006, in _find_and_load_unlocked
  File "<frozen importlib._bootstrap>", line 688, in _load_unlocked
  File "<frozen importlib._bootstrap_external>", line 883, in exec_module
  File "<frozen importlib._bootstrap>", line 241, in _call_with_frames_removed
  File "/trinity/local/luna/luna.py", line 22, in <module>
    from common.constant import *
  File "/trinity/local/luna/common/constant.py", line 362, in <module>
    if args["debug"]:
NameError: name 'args' is not defined
[2022-10-12 19:01:28 +0200] [7791] [INFO] Booting worker with pid: 7791
[2022-10-12 19:01:28 +0200] [7788] [INFO] Worker exiting (pid: 7788)
[2022-10-12 19:01:29 +0200] [7790] [ERROR] Exception in worker process
Traceback (most recent call last):
  File "/usr/local/lib/python3.10/site-packages/gunicorn/arbiter.py", line 589, in spawn_worker
    worker.init_process()
  File "/usr/local/lib/python3.10/site-packages/gunicorn/workers/base.py", line 134, in init_process
    self.load_wsgi()
  File "/usr/local/lib/python3.10/site-packages/gunicorn/workers/base.py", line 146, in load_wsgi
    self.wsgi = self.app.wsgi()
  File "/usr/local/lib/python3.10/site-packages/gunicorn/app/base.py", line 67, in wsgi
    self.callable = self.load()
  File "/usr/local/lib/python3.10/site-packages/gunicorn/app/wsgiapp.py", line 58, in load
    return self.load_wsgiapp()
  File "/usr/local/lib/python3.10/site-packages/gunicorn/app/wsgiapp.py", line 48, in load_wsgiapp
    return util.import_app(self.app_uri)
  File "/usr/local/lib/python3.10/site-packages/gunicorn/util.py", line 359, in import_app
    mod = importlib.import_module(module)
  File "/usr/local/lib/python3.10/importlib/__init__.py", line 126, in import_module
    return _bootstrap._gcd_import(name[level:], package, level)
  File "<frozen importlib._bootstrap>", line 1050, in _gcd_import
  File "<frozen importlib._bootstrap>", line 1027, in _find_and_load
  File "<frozen importlib._bootstrap>", line 1006, in _find_and_load_unlocked
  File "<frozen importlib._bootstrap>", line 688, in _load_unlocked
  File "<frozen importlib._bootstrap_external>", line 883, in exec_module
  File "<frozen importlib._bootstrap>", line 241, in _call_with_frames_removed
  File "/trinity/local/luna/luna.py", line 22, in <module>
    from common.constant import *
  File "/trinity/local/luna/common/constant.py", line 362, in <module>
    if args["debug"]:
NameError: name 'args' is not defined
[2022-10-12 19:01:29 +0200] [7790] [INFO] Worker exiting (pid: 7790)
[2022-10-12 19:01:29 +0200] [7791] [ERROR] Exception in worker process
Traceback (most recent call last):
  File "/usr/local/lib/python3.10/site-packages/gunicorn/arbiter.py", line 589, in spawn_worker
    worker.init_process()
  File "/usr/local/lib/python3.10/site-packages/gunicorn/workers/base.py", line 134, in init_process
    self.load_wsgi()
  File "/usr/local/lib/python3.10/site-packages/gunicorn/workers/base.py", line 146, in load_wsgi
    self.wsgi = self.app.wsgi()
  File "/usr/local/lib/python3.10/site-packages/gunicorn/app/base.py", line 67, in wsgi
    self.callable = self.load()
  File "/usr/local/lib/python3.10/site-packages/gunicorn/app/wsgiapp.py", line 58, in load
    return self.load_wsgiapp()
  File "/usr/local/lib/python3.10/site-packages/gunicorn/app/wsgiapp.py", line 48, in load_wsgiapp
    return util.import_app(self.app_uri)
  File "/usr/local/lib/python3.10/site-packages/gunicorn/util.py", line 359, in import_app
    mod = importlib.import_module(module)
  File "/usr/local/lib/python3.10/importlib/__init__.py", line 126, in import_module
    return _bootstrap._gcd_import(name[level:], package, level)
  File "<frozen importlib._bootstrap>", line 1050, in _gcd_import
  File "<frozen importlib._bootstrap>", line 1027, in _find_and_load
  File "<frozen importlib._bootstrap>", line 1006, in _find_and_load_unlocked
  File "<frozen importlib._bootstrap>", line 688, in _load_unlocked
  File "<frozen importlib._bootstrap_external>", line 883, in exec_module
  File "<frozen importlib._bootstrap>", line 241, in _call_with_frames_removed
  File "/trinity/local/luna/luna.py", line 22, in <module>
    from common.constant import *
  File "/trinity/local/luna/common/constant.py", line 362, in <module>
    if args["debug"]:
NameError: name 'args' is not defined
[2022-10-12 19:01:29 +0200] [7791] [INFO] Worker exiting (pid: 7791)
[2022-10-12 19:01:37 +0200] [7797] [INFO] Starting gunicorn 20.1.0
[2022-10-12 19:01:37 +0200] [7797] [INFO] Listening at: http://0.0.0.0:7050 (7797)
[2022-10-12 19:01:37 +0200] [7797] [INFO] Using worker: sync
[2022-10-12 19:01:37 +0200] [7799] [INFO] Booting worker with pid: 7799
[2022-10-12 19:01:37 +0200] [7801] [INFO] Booting worker with pid: 7801
[2022-10-12 19:01:38 +0200] [7802] [INFO] Booting worker with pid: 7802
[2022-10-12 19:01:38 +0200] [7803] [INFO] Booting worker with pid: 7803
[2022-10-12 19:01:38 +0200] [7799] [ERROR] Exception in worker process
Traceback (most recent call last):
  File "/usr/local/lib/python3.10/site-packages/gunicorn/arbiter.py", line 589, in spawn_worker
    worker.init_process()
  File "/usr/local/lib/python3.10/site-packages/gunicorn/workers/base.py", line 134, in init_process
    self.load_wsgi()
  File "/usr/local/lib/python3.10/site-packages/gunicorn/workers/base.py", line 146, in load_wsgi
    self.wsgi = self.app.wsgi()
  File "/usr/local/lib/python3.10/site-packages/gunicorn/app/base.py", line 67, in wsgi
    self.callable = self.load()
  File "/usr/local/lib/python3.10/site-packages/gunicorn/app/wsgiapp.py", line 58, in load
    return self.load_wsgiapp()
  File "/usr/local/lib/python3.10/site-packages/gunicorn/app/wsgiapp.py", line 48, in load_wsgiapp
    return util.import_app(self.app_uri)
  File "/usr/local/lib/python3.10/site-packages/gunicorn/util.py", line 359, in import_app
    mod = importlib.import_module(module)
  File "/usr/local/lib/python3.10/importlib/__init__.py", line 126, in import_module
    return _bootstrap._gcd_import(name[level:], package, level)
  File "<frozen importlib._bootstrap>", line 1050, in _gcd_import
  File "<frozen importlib._bootstrap>", line 1027, in _find_and_load
  File "<frozen importlib._bootstrap>", line 1006, in _find_and_load_unlocked
  File "<frozen importlib._bootstrap>", line 688, in _load_unlocked
  File "<frozen importlib._bootstrap_external>", line 883, in exec_module
  File "<frozen importlib._bootstrap>", line 241, in _call_with_frames_removed
  File "/trinity/local/luna/luna.py", line 22, in <module>
    from common.constant import *
  File "/trinity/local/luna/common/constant.py", line 362, in <module>
    if args["debug"]:
NameError: name 'args' is not defined
[2022-10-12 19:01:38 +0200] [7799] [INFO] Worker exiting (pid: 7799)
[2022-10-12 19:01:38 +0200] [7801] [ERROR] Exception in worker process
Traceback (most recent call last):
  File "/usr/local/lib/python3.10/site-packages/gunicorn/arbiter.py", line 589, in spawn_worker
    worker.init_process()
  File "/usr/local/lib/python3.10/site-packages/gunicorn/workers/base.py", line 134, in init_process
    self.load_wsgi()
  File "/usr/local/lib/python3.10/site-packages/gunicorn/workers/base.py", line 146, in load_wsgi
    self.wsgi = self.app.wsgi()
  File "/usr/local/lib/python3.10/site-packages/gunicorn/app/base.py", line 67, in wsgi
    self.callable = self.load()
  File "/usr/local/lib/python3.10/site-packages/gunicorn/app/wsgiapp.py", line 58, in load
    return self.load_wsgiapp()
  File "/usr/local/lib/python3.10/site-packages/gunicorn/app/wsgiapp.py", line 48, in load_wsgiapp
    return util.import_app(self.app_uri)
  File "/usr/local/lib/python3.10/site-packages/gunicorn/util.py", line 359, in import_app
    mod = importlib.import_module(module)
  File "/usr/local/lib/python3.10/importlib/__init__.py", line 126, in import_module
    return _bootstrap._gcd_import(name[level:], package, level)
  File "<frozen importlib._bootstrap>", line 1050, in _gcd_import
  File "<frozen importlib._bootstrap>", line 1027, in _find_and_load
  File "<frozen importlib._bootstrap>", line 1006, in _find_and_load_unlocked
  File "<frozen importlib._bootstrap>", line 688, in _load_unlocked
  File "<frozen importlib._bootstrap_external>", line 883, in exec_module
  File "<frozen importlib._bootstrap>", line 241, in _call_with_frames_removed
  File "/trinity/local/luna/luna.py", line 22, in <module>
    from common.constant import *
  File "/trinity/local/luna/common/constant.py", line 362, in <module>
    if args["debug"]:
NameError: name 'args' is not defined
[2022-10-12 19:01:38 +0200] [7801] [INFO] Worker exiting (pid: 7801)
[2022-10-12 19:01:38 +0200] [7802] [ERROR] Exception in worker process
Traceback (most recent call last):
  File "/usr/local/lib/python3.10/site-packages/gunicorn/arbiter.py", line 589, in spawn_worker
    worker.init_process()
  File "/usr/local/lib/python3.10/site-packages/gunicorn/workers/base.py", line 134, in init_process
    self.load_wsgi()
  File "/usr/local/lib/python3.10/site-packages/gunicorn/workers/base.py", line 146, in load_wsgi
    self.wsgi = self.app.wsgi()
  File "/usr/local/lib/python3.10/site-packages/gunicorn/app/base.py", line 67, in wsgi
    self.callable = self.load()
  File "/usr/local/lib/python3.10/site-packages/gunicorn/app/wsgiapp.py", line 58, in load
    return self.load_wsgiapp()
  File "/usr/local/lib/python3.10/site-packages/gunicorn/app/wsgiapp.py", line 48, in load_wsgiapp
    return util.import_app(self.app_uri)
  File "/usr/local/lib/python3.10/site-packages/gunicorn/util.py", line 359, in import_app
    mod = importlib.import_module(module)
  File "/usr/local/lib/python3.10/importlib/__init__.py", line 126, in import_module
    return _bootstrap._gcd_import(name[level:], package, level)
  File "<frozen importlib._bootstrap>", line 1050, in _gcd_import
  File "<frozen importlib._bootstrap>", line 1027, in _find_and_load
  File "<frozen importlib._bootstrap>", line 1006, in _find_and_load_unlocked
  File "<frozen importlib._bootstrap>", line 688, in _load_unlocked
  File "<frozen importlib._bootstrap_external>", line 883, in exec_module
  File "<frozen importlib._bootstrap>", line 241, in _call_with_frames_removed
  File "/trinity/local/luna/luna.py", line 22, in <module>
    from common.constant import *
  File "/trinity/local/luna/common/constant.py", line 362, in <module>
    if args["debug"]:
NameError: name 'args' is not defined
[2022-10-12 19:01:38 +0200] [7802] [INFO] Worker exiting (pid: 7802)
[2022-10-12 19:01:38 +0200] [7803] [ERROR] Exception in worker process
Traceback (most recent call last):
  File "/usr/local/lib/python3.10/site-packages/gunicorn/arbiter.py", line 589, in spawn_worker
    worker.init_process()
  File "/usr/local/lib/python3.10/site-packages/gunicorn/workers/base.py", line 134, in init_process
    self.load_wsgi()
  File "/usr/local/lib/python3.10/site-packages/gunicorn/workers/base.py", line 146, in load_wsgi
    self.wsgi = self.app.wsgi()
  File "/usr/local/lib/python3.10/site-packages/gunicorn/app/base.py", line 67, in wsgi
    self.callable = self.load()
  File "/usr/local/lib/python3.10/site-packages/gunicorn/app/wsgiapp.py", line 58, in load
    return self.load_wsgiapp()
  File "/usr/local/lib/python3.10/site-packages/gunicorn/app/wsgiapp.py", line 48, in load_wsgiapp
    return util.import_app(self.app_uri)
  File "/usr/local/lib/python3.10/site-packages/gunicorn/util.py", line 359, in import_app
    mod = importlib.import_module(module)
  File "/usr/local/lib/python3.10/importlib/__init__.py", line 126, in import_module
    return _bootstrap._gcd_import(name[level:], package, level)
  File "<frozen importlib._bootstrap>", line 1050, in _gcd_import
  File "<frozen importlib._bootstrap>", line 1027, in _find_and_load
  File "<frozen importlib._bootstrap>", line 1006, in _find_and_load_unlocked
  File "<frozen importlib._bootstrap>", line 688, in _load_unlocked
  File "<frozen importlib._bootstrap_external>", line 883, in exec_module
  File "<frozen importlib._bootstrap>", line 241, in _call_with_frames_removed
  File "/trinity/local/luna/luna.py", line 22, in <module>
    from common.constant import *
  File "/trinity/local/luna/common/constant.py", line 362, in <module>
    if args["debug"]:
NameError: name 'args' is not defined
[2022-10-12 19:01:38 +0200] [7803] [INFO] Worker exiting (pid: 7803)
[2022-10-12 19:02:37 +0200] [7850] [INFO] Starting gunicorn 20.1.0
[2022-10-12 19:02:37 +0200] [7850] [INFO] Listening at: http://0.0.0.0:7050 (7850)
[2022-10-12 19:02:37 +0200] [7850] [INFO] Using worker: sync
[2022-10-12 19:02:37 +0200] [7851] [INFO] Booting worker with pid: 7851
[2022-10-12 19:02:37 +0200] [7852] [INFO] Booting worker with pid: 7852
[2022-10-12 19:02:37 +0200] [7851] [ERROR] Exception in worker process
Traceback (most recent call last):
  File "/usr/local/lib/python3.10/site-packages/gunicorn/arbiter.py", line 589, in spawn_worker
    worker.init_process()
  File "/usr/local/lib/python3.10/site-packages/gunicorn/workers/base.py", line 134, in init_process
    self.load_wsgi()
  File "/usr/local/lib/python3.10/site-packages/gunicorn/workers/base.py", line 146, in load_wsgi
    self.wsgi = self.app.wsgi()
  File "/usr/local/lib/python3.10/site-packages/gunicorn/app/base.py", line 67, in wsgi
    self.callable = self.load()
  File "/usr/local/lib/python3.10/site-packages/gunicorn/app/wsgiapp.py", line 58, in load
    return self.load_wsgiapp()
  File "/usr/local/lib/python3.10/site-packages/gunicorn/app/wsgiapp.py", line 48, in load_wsgiapp
    return util.import_app(self.app_uri)
  File "/usr/local/lib/python3.10/site-packages/gunicorn/util.py", line 359, in import_app
    mod = importlib.import_module(module)
  File "/usr/local/lib/python3.10/importlib/__init__.py", line 126, in import_module
    return _bootstrap._gcd_import(name[level:], package, level)
  File "<frozen importlib._bootstrap>", line 1050, in _gcd_import
  File "<frozen importlib._bootstrap>", line 1027, in _find_and_load
  File "<frozen importlib._bootstrap>", line 1006, in _find_and_load_unlocked
  File "<frozen importlib._bootstrap>", line 688, in _load_unlocked
  File "<frozen importlib._bootstrap_external>", line 883, in exec_module
  File "<frozen importlib._bootstrap>", line 241, in _call_with_frames_removed
  File "/trinity/local/luna/luna.py", line 22, in <module>
    from common.constant import *
  File "/trinity/local/luna/common/constant.py", line 362, in <module>
    if args["debug"]:
NameError: name 'args' is not defined
[2022-10-12 19:02:37 +0200] [7851] [INFO] Worker exiting (pid: 7851)
[2022-10-12 19:02:37 +0200] [7853] [INFO] Booting worker with pid: 7853
[2022-10-12 19:02:37 +0200] [7852] [ERROR] Exception in worker process
Traceback (most recent call last):
  File "/usr/local/lib/python3.10/site-packages/gunicorn/arbiter.py", line 589, in spawn_worker
    worker.init_process()
  File "/usr/local/lib/python3.10/site-packages/gunicorn/workers/base.py", line 134, in init_process
    self.load_wsgi()
  File "/usr/local/lib/python3.10/site-packages/gunicorn/workers/base.py", line 146, in load_wsgi
    self.wsgi = self.app.wsgi()
  File "/usr/local/lib/python3.10/site-packages/gunicorn/app/base.py", line 67, in wsgi
    self.callable = self.load()
  File "/usr/local/lib/python3.10/site-packages/gunicorn/app/wsgiapp.py", line 58, in load
    return self.load_wsgiapp()
  File "/usr/local/lib/python3.10/site-packages/gunicorn/app/wsgiapp.py", line 48, in load_wsgiapp
    return util.import_app(self.app_uri)
  File "/usr/local/lib/python3.10/site-packages/gunicorn/util.py", line 359, in import_app
    mod = importlib.import_module(module)
  File "/usr/local/lib/python3.10/importlib/__init__.py", line 126, in import_module
    return _bootstrap._gcd_import(name[level:], package, level)
  File "<frozen importlib._bootstrap>", line 1050, in _gcd_import
  File "<frozen importlib._bootstrap>", line 1027, in _find_and_load
  File "<frozen importlib._bootstrap>", line 1006, in _find_and_load_unlocked
  File "<frozen importlib._bootstrap>", line 688, in _load_unlocked
  File "<frozen importlib._bootstrap_external>", line 883, in exec_module
  File "<frozen importlib._bootstrap>", line 241, in _call_with_frames_removed
  File "/trinity/local/luna/luna.py", line 22, in <module>
    from common.constant import *
  File "/trinity/local/luna/common/constant.py", line 362, in <module>
    if args["debug"]:
NameError: name 'args' is not defined
[2022-10-12 19:02:37 +0200] [7852] [INFO] Worker exiting (pid: 7852)
[2022-10-12 19:02:37 +0200] [7853] [ERROR] Exception in worker process
Traceback (most recent call last):
  File "/usr/local/lib/python3.10/site-packages/gunicorn/arbiter.py", line 589, in spawn_worker
    worker.init_process()
  File "/usr/local/lib/python3.10/site-packages/gunicorn/workers/base.py", line 134, in init_process
    self.load_wsgi()
  File "/usr/local/lib/python3.10/site-packages/gunicorn/workers/base.py", line 146, in load_wsgi
    self.wsgi = self.app.wsgi()
  File "/usr/local/lib/python3.10/site-packages/gunicorn/app/base.py", line 67, in wsgi
    self.callable = self.load()
  File "/usr/local/lib/python3.10/site-packages/gunicorn/app/wsgiapp.py", line 58, in load
    return self.load_wsgiapp()
  File "/usr/local/lib/python3.10/site-packages/gunicorn/app/wsgiapp.py", line 48, in load_wsgiapp
    return util.import_app(self.app_uri)
  File "/usr/local/lib/python3.10/site-packages/gunicorn/util.py", line 359, in import_app
    mod = importlib.import_module(module)
  File "/usr/local/lib/python3.10/importlib/__init__.py", line 126, in import_module
    return _bootstrap._gcd_import(name[level:], package, level)
  File "<frozen importlib._bootstrap>", line 1050, in _gcd_import
  File "<frozen importlib._bootstrap>", line 1027, in _find_and_load
  File "<frozen importlib._bootstrap>", line 1006, in _find_and_load_unlocked
  File "<frozen importlib._bootstrap>", line 688, in _load_unlocked
  File "<frozen importlib._bootstrap_external>", line 883, in exec_module
  File "<frozen importlib._bootstrap>", line 241, in _call_with_frames_removed
  File "/trinity/local/luna/luna.py", line 22, in <module>
    from common.constant import *
  File "/trinity/local/luna/common/constant.py", line 362, in <module>
    if args["debug"]:
NameError: name 'args' is not defined
[2022-10-12 19:02:37 +0200] [7853] [INFO] Worker exiting (pid: 7853)
[2022-10-12 19:03:25 +0200] [7863] [INFO] Starting gunicorn 20.1.0
[2022-10-12 19:03:25 +0200] [7863] [INFO] Listening at: http://0.0.0.0:7050 (7863)
[2022-10-12 19:03:25 +0200] [7863] [INFO] Using worker: sync
[2022-10-12 19:03:25 +0200] [7864] [INFO] Booting worker with pid: 7864
[2022-10-12 19:03:25 +0200] [7865] [INFO] Booting worker with pid: 7865
[2022-10-12 19:03:25 +0200] [7866] [INFO] Booting worker with pid: 7866
[2022-10-12 19:03:26 +0200] [7867] [INFO] Booting worker with pid: 7867
[2022-10-12 19:03:26 +0200] [7864] [ERROR] Exception in worker process
Traceback (most recent call last):
  File "/usr/local/lib/python3.10/site-packages/gunicorn/arbiter.py", line 589, in spawn_worker
    worker.init_process()
  File "/usr/local/lib/python3.10/site-packages/gunicorn/workers/base.py", line 134, in init_process
    self.load_wsgi()
  File "/usr/local/lib/python3.10/site-packages/gunicorn/workers/base.py", line 146, in load_wsgi
    self.wsgi = self.app.wsgi()
  File "/usr/local/lib/python3.10/site-packages/gunicorn/app/base.py", line 67, in wsgi
    self.callable = self.load()
  File "/usr/local/lib/python3.10/site-packages/gunicorn/app/wsgiapp.py", line 58, in load
    return self.load_wsgiapp()
  File "/usr/local/lib/python3.10/site-packages/gunicorn/app/wsgiapp.py", line 48, in load_wsgiapp
    return util.import_app(self.app_uri)
  File "/usr/local/lib/python3.10/site-packages/gunicorn/util.py", line 359, in import_app
    mod = importlib.import_module(module)
  File "/usr/local/lib/python3.10/importlib/__init__.py", line 126, in import_module
    return _bootstrap._gcd_import(name[level:], package, level)
  File "<frozen importlib._bootstrap>", line 1050, in _gcd_import
  File "<frozen importlib._bootstrap>", line 1027, in _find_and_load
  File "<frozen importlib._bootstrap>", line 1006, in _find_and_load_unlocked
  File "<frozen importlib._bootstrap>", line 688, in _load_unlocked
  File "<frozen importlib._bootstrap_external>", line 883, in exec_module
  File "<frozen importlib._bootstrap>", line 241, in _call_with_frames_removed
  File "/trinity/local/luna/luna.py", line 22, in <module>
    from common.constant import *
  File "/trinity/local/luna/common/constant.py", line 362, in <module>
    if args["debug"]:
NameError: name 'args' is not defined
[2022-10-12 19:03:26 +0200] [7864] [INFO] Worker exiting (pid: 7864)
[2022-10-12 19:03:26 +0200] [7865] [ERROR] Exception in worker process
Traceback (most recent call last):
  File "/usr/local/lib/python3.10/site-packages/gunicorn/arbiter.py", line 589, in spawn_worker
    worker.init_process()
  File "/usr/local/lib/python3.10/site-packages/gunicorn/workers/base.py", line 134, in init_process
    self.load_wsgi()
  File "/usr/local/lib/python3.10/site-packages/gunicorn/workers/base.py", line 146, in load_wsgi
    self.wsgi = self.app.wsgi()
  File "/usr/local/lib/python3.10/site-packages/gunicorn/app/base.py", line 67, in wsgi
    self.callable = self.load()
  File "/usr/local/lib/python3.10/site-packages/gunicorn/app/wsgiapp.py", line 58, in load
    return self.load_wsgiapp()
  File "/usr/local/lib/python3.10/site-packages/gunicorn/app/wsgiapp.py", line 48, in load_wsgiapp
    return util.import_app(self.app_uri)
  File "/usr/local/lib/python3.10/site-packages/gunicorn/util.py", line 359, in import_app
    mod = importlib.import_module(module)
  File "/usr/local/lib/python3.10/importlib/__init__.py", line 126, in import_module
    return _bootstrap._gcd_import(name[level:], package, level)
  File "<frozen importlib._bootstrap>", line 1050, in _gcd_import
  File "<frozen importlib._bootstrap>", line 1027, in _find_and_load
  File "<frozen importlib._bootstrap>", line 1006, in _find_and_load_unlocked
  File "<frozen importlib._bootstrap>", line 688, in _load_unlocked
  File "<frozen importlib._bootstrap_external>", line 883, in exec_module
  File "<frozen importlib._bootstrap>", line 241, in _call_with_frames_removed
  File "/trinity/local/luna/luna.py", line 22, in <module>
    from common.constant import *
  File "/trinity/local/luna/common/constant.py", line 362, in <module>
    if args["debug"]:
NameError: name 'args' is not defined
[2022-10-12 19:03:26 +0200] [7865] [INFO] Worker exiting (pid: 7865)
[2022-10-12 19:03:26 +0200] [7866] [ERROR] Exception in worker process
Traceback (most recent call last):
  File "/usr/local/lib/python3.10/site-packages/gunicorn/arbiter.py", line 589, in spawn_worker
    worker.init_process()
  File "/usr/local/lib/python3.10/site-packages/gunicorn/workers/base.py", line 134, in init_process
    self.load_wsgi()
  File "/usr/local/lib/python3.10/site-packages/gunicorn/workers/base.py", line 146, in load_wsgi
    self.wsgi = self.app.wsgi()
  File "/usr/local/lib/python3.10/site-packages/gunicorn/app/base.py", line 67, in wsgi
    self.callable = self.load()
  File "/usr/local/lib/python3.10/site-packages/gunicorn/app/wsgiapp.py", line 58, in load
    return self.load_wsgiapp()
  File "/usr/local/lib/python3.10/site-packages/gunicorn/app/wsgiapp.py", line 48, in load_wsgiapp
    return util.import_app(self.app_uri)
  File "/usr/local/lib/python3.10/site-packages/gunicorn/util.py", line 359, in import_app
    mod = importlib.import_module(module)
  File "/usr/local/lib/python3.10/importlib/__init__.py", line 126, in import_module
    return _bootstrap._gcd_import(name[level:], package, level)
  File "<frozen importlib._bootstrap>", line 1050, in _gcd_import
  File "<frozen importlib._bootstrap>", line 1027, in _find_and_load
  File "<frozen importlib._bootstrap>", line 1006, in _find_and_load_unlocked
  File "<frozen importlib._bootstrap>", line 688, in _load_unlocked
  File "<frozen importlib._bootstrap_external>", line 883, in exec_module
  File "<frozen importlib._bootstrap>", line 241, in _call_with_frames_removed
  File "/trinity/local/luna/luna.py", line 22, in <module>
    from common.constant import *
  File "/trinity/local/luna/common/constant.py", line 362, in <module>
    if args["debug"]:
NameError: name 'args' is not defined
[2022-10-12 19:03:26 +0200] [7866] [INFO] Worker exiting (pid: 7866)
[2022-10-12 19:03:26 +0200] [7867] [ERROR] Exception in worker process
Traceback (most recent call last):
  File "/usr/local/lib/python3.10/site-packages/gunicorn/arbiter.py", line 589, in spawn_worker
    worker.init_process()
  File "/usr/local/lib/python3.10/site-packages/gunicorn/workers/base.py", line 134, in init_process
    self.load_wsgi()
  File "/usr/local/lib/python3.10/site-packages/gunicorn/workers/base.py", line 146, in load_wsgi
    self.wsgi = self.app.wsgi()
  File "/usr/local/lib/python3.10/site-packages/gunicorn/app/base.py", line 67, in wsgi
    self.callable = self.load()
  File "/usr/local/lib/python3.10/site-packages/gunicorn/app/wsgiapp.py", line 58, in load
    return self.load_wsgiapp()
  File "/usr/local/lib/python3.10/site-packages/gunicorn/app/wsgiapp.py", line 48, in load_wsgiapp
    return util.import_app(self.app_uri)
  File "/usr/local/lib/python3.10/site-packages/gunicorn/util.py", line 359, in import_app
    mod = importlib.import_module(module)
  File "/usr/local/lib/python3.10/importlib/__init__.py", line 126, in import_module
    return _bootstrap._gcd_import(name[level:], package, level)
  File "<frozen importlib._bootstrap>", line 1050, in _gcd_import
  File "<frozen importlib._bootstrap>", line 1027, in _find_and_load
  File "<frozen importlib._bootstrap>", line 1006, in _find_and_load_unlocked
  File "<frozen importlib._bootstrap>", line 688, in _load_unlocked
  File "<frozen importlib._bootstrap_external>", line 883, in exec_module
  File "<frozen importlib._bootstrap>", line 241, in _call_with_frames_removed
  File "/trinity/local/luna/luna.py", line 22, in <module>
    from common.constant import *
  File "/trinity/local/luna/common/constant.py", line 362, in <module>
    if args["debug"]:
NameError: name 'args' is not defined
[2022-10-12 19:03:26 +0200] [7867] [INFO] Worker exiting (pid: 7867)
[2022-10-12 19:11:20 +0200] [7931] [INFO] Starting gunicorn 20.1.0
[2022-10-12 19:11:20 +0200] [7931] [INFO] Listening at: http://0.0.0.0:7050 (7931)
[2022-10-12 19:11:20 +0200] [7931] [INFO] Using worker: sync
[2022-10-12 19:11:20 +0200] [7932] [INFO] Booting worker with pid: 7932
[2022-10-12 19:11:20 +0200] [7934] [INFO] Booting worker with pid: 7934
[2022-10-12 19:11:20 +0200] [7935] [INFO] Booting worker with pid: 7935
[2022-10-12 19:11:20 +0200] [7936] [INFO] Booting worker with pid: 7936
[2022-10-12 19:25:24 +0200] [7936] [INFO] Worker exiting (pid: 7936)
[2022-10-12 19:25:24 +0200] [7931] [INFO] Handling signal: term
[2022-10-12 19:25:24 +0200] [7935] [INFO] Worker exiting (pid: 7935)
[2022-10-12 19:25:24 +0200] [7932] [INFO] Worker exiting (pid: 7932)
[2022-10-12 19:25:24 +0200] [7934] [INFO] Worker exiting (pid: 7934)
[2022-10-12 19:25:24 +0200] [7931] [INFO] Shutting down: Master
[2022-10-12 19:27:31 +0200] [8049] [INFO] Starting gunicorn 20.1.0
[2022-10-12 19:27:31 +0200] [8049] [INFO] Listening at: http://0.0.0.0:7050 (8049)
[2022-10-12 19:27:31 +0200] [8049] [INFO] Using worker: sync
[2022-10-12 19:27:31 +0200] [8050] [INFO] Booting worker with pid: 8050
[2022-10-12 19:27:31 +0200] [8051] [INFO] Booting worker with pid: 8051
[2022-10-12 19:27:31 +0200] [8052] [INFO] Booting worker with pid: 8052
[2022-10-12 19:27:31 +0200] [8053] [INFO] Booting worker with pid: 8053
[2022-10-12 19:27:36 +0200] [8049] [INFO] Handling signal: int
[2022-10-12 19:27:36 +0200] [8050] [INFO] Worker exiting (pid: 8050)
[2022-10-12 19:27:36 +0200] [8052] [INFO] Worker exiting (pid: 8052)
[2022-10-12 19:27:36 +0200] [8051] [INFO] Worker exiting (pid: 8051)
[2022-10-12 19:27:36 +0200] [8053] [INFO] Worker exiting (pid: 8053)
[2022-10-12 19:27:36 +0200] [8049] [INFO] Shutting down: Master
[2022-10-12 19:28:12 +0200] [8071] [INFO] Starting gunicorn 20.1.0
[2022-10-12 19:28:12 +0200] [8071] [INFO] Listening at: http://0.0.0.0:7050 (8071)
[2022-10-12 19:28:12 +0200] [8071] [INFO] Using worker: sync
[2022-10-12 19:28:12 +0200] [8072] [INFO] Booting worker with pid: 8072
[2022-10-12 19:28:12 +0200] [8073] [INFO] Booting worker with pid: 8073
[2022-10-12 19:28:12 +0200] [8074] [INFO] Booting worker with pid: 8074
[2022-10-12 19:28:12 +0200] [8075] [INFO] Booting worker with pid: 8075
[2022-10-12 19:28:15 +0200] [8071] [INFO] Handling signal: int
[2022-10-12 19:28:15 +0200] [8073] [INFO] Worker exiting (pid: 8073)
[2022-10-12 19:28:15 +0200] [8072] [INFO] Worker exiting (pid: 8072)
[2022-10-12 19:28:15 +0200] [8074] [INFO] Worker exiting (pid: 8074)
[2022-10-12 19:28:15 +0200] [8075] [INFO] Worker exiting (pid: 8075)
[2022-10-12 19:28:15 +0200] [8071] [INFO] Shutting down: Master
[2022-10-13 16:57:47 +0200] [9707] [INFO] Starting gunicorn 20.1.0
[2022-10-13 16:57:47 +0200] [9707] [INFO] Listening at: http://0.0.0.0:7050 (9707)
[2022-10-13 16:57:47 +0200] [9707] [INFO] Using worker: sync
[2022-10-13 16:57:47 +0200] [9708] [INFO] Booting worker with pid: 9708
[2022-10-13 16:57:47 +0200] [9709] [INFO] Booting worker with pid: 9709
[2022-10-13 16:57:47 +0200] [9710] [INFO] Booting worker with pid: 9710
[2022-10-13 16:57:47 +0200] [9711] [INFO] Booting worker with pid: 9711
[2022-10-13 16:58:45 +0200] [9716] [INFO] Starting gunicorn 20.1.0
[2022-10-13 16:58:45 +0200] [9716] [ERROR] Connection in use: ('0.0.0.0', 7050)
[2022-10-13 16:58:45 +0200] [9716] [ERROR] Retrying in 1 second.
[2022-10-13 16:58:46 +0200] [9716] [ERROR] Connection in use: ('0.0.0.0', 7050)
[2022-10-13 16:58:46 +0200] [9716] [ERROR] Retrying in 1 second.
[2022-10-13 16:58:47 +0200] [9716] [ERROR] Connection in use: ('0.0.0.0', 7050)
[2022-10-13 16:58:47 +0200] [9716] [ERROR] Retrying in 1 second.
[2022-10-13 16:58:48 +0200] [9716] [ERROR] Connection in use: ('0.0.0.0', 7050)
[2022-10-13 16:58:48 +0200] [9716] [ERROR] Retrying in 1 second.
[2022-10-13 16:58:49 +0200] [9716] [ERROR] Connection in use: ('0.0.0.0', 7050)
[2022-10-13 16:58:49 +0200] [9716] [ERROR] Retrying in 1 second.
[2022-10-13 16:58:50 +0200] [9716] [ERROR] Can't connect to ('0.0.0.0', 7050)
[2022-10-13 16:59:34 +0200] [9748] [INFO] Starting gunicorn 20.1.0
[2022-10-13 16:59:34 +0200] [9748] [ERROR] Connection in use: ('0.0.0.0', 7050)
[2022-10-13 16:59:34 +0200] [9748] [ERROR] Retrying in 1 second.
[2022-10-13 16:59:35 +0200] [9748] [ERROR] Connection in use: ('0.0.0.0', 7050)
[2022-10-13 16:59:35 +0200] [9748] [ERROR] Retrying in 1 second.
[2022-10-13 16:59:36 +0200] [9748] [ERROR] Connection in use: ('0.0.0.0', 7050)
[2022-10-13 16:59:36 +0200] [9748] [ERROR] Retrying in 1 second.
[2022-10-13 16:59:37 +0200] [9748] [ERROR] Connection in use: ('0.0.0.0', 7050)
[2022-10-13 16:59:37 +0200] [9748] [ERROR] Retrying in 1 second.
[2022-10-13 16:59:38 +0200] [9748] [ERROR] Connection in use: ('0.0.0.0', 7050)
[2022-10-13 16:59:38 +0200] [9748] [ERROR] Retrying in 1 second.
[2022-10-13 16:59:39 +0200] [9748] [ERROR] Can't connect to ('0.0.0.0', 7050)
[2022-10-13 23:56:31 +0200] [9707] [CRITICAL] WORKER TIMEOUT (pid:9708)
[2022-10-13 23:56:31 +0200] [9707] [CRITICAL] WORKER TIMEOUT (pid:9709)
[2022-10-13 23:56:31 +0200] [9708] [INFO] Worker exiting (pid: 9708)
[2022-10-13 23:56:31 +0200] [9709] [INFO] Worker exiting (pid: 9709)
[2022-10-13 23:56:31 +0200] [9707] [CRITICAL] WORKER TIMEOUT (pid:9710)
[2022-10-13 23:56:31 +0200] [9707] [CRITICAL] WORKER TIMEOUT (pid:9711)
[2022-10-13 23:56:31 +0200] [9711] [INFO] Worker exiting (pid: 9711)
[2022-10-13 23:56:31 +0200] [9710] [INFO] Worker exiting (pid: 9710)
[2022-10-13 23:56:32 +0200] [9879] [INFO] Booting worker with pid: 9879
[2022-10-13 23:56:32 +0200] [9707] [WARNING] Worker with pid 9709 was terminated due to signal 9
[2022-10-13 23:56:33 +0200] [9882] [INFO] Booting worker with pid: 9882
[2022-10-13 23:56:33 +0200] [9884] [INFO] Booting worker with pid: 9884
[2022-10-13 23:56:33 +0200] [9883] [INFO] Booting worker with pid: 9883
[2022-10-14 02:30:13 +0200] [9884] [INFO] Parent changed, shutting down: <Worker 9884>
[2022-10-14 02:30:13 +0200] [9884] [INFO] Worker exiting (pid: 9884)
[2022-10-14 02:30:13 +0200] [9882] [INFO] Parent changed, shutting down: <Worker 9882>
[2022-10-14 02:30:13 +0200] [9883] [INFO] Parent changed, shutting down: <Worker 9883>
[2022-10-14 02:30:13 +0200] [9882] [INFO] Worker exiting (pid: 9882)
[2022-10-14 02:30:13 +0200] [9883] [INFO] Worker exiting (pid: 9883)
[2022-10-14 02:31:51 +0200] [10692] [INFO] Starting gunicorn 20.1.0
[2022-10-14 02:31:51 +0200] [10692] [INFO] Listening at: http://0.0.0.0:7050 (10692)
[2022-10-14 02:31:51 +0200] [10692] [INFO] Using worker: sync
[2022-10-14 02:31:51 +0200] [10693] [INFO] Booting worker with pid: 10693
[2022-10-14 02:31:51 +0200] [10694] [INFO] Booting worker with pid: 10694
[2022-10-14 02:31:51 +0200] [10695] [INFO] Booting worker with pid: 10695
[2022-10-14 02:31:51 +0200] [10696] [INFO] Booting worker with pid: 10696
[2022-10-14 03:12:44 +0200] [10851] [INFO] Starting gunicorn 20.1.0
[2022-10-14 03:12:44 +0200] [10851] [INFO] Listening at: http://0.0.0.0:7050 (10851)
[2022-10-14 03:12:44 +0200] [10851] [INFO] Using worker: sync
[2022-10-14 03:12:44 +0200] [10852] [INFO] Booting worker with pid: 10852
[2022-10-14 03:12:44 +0200] [10853] [INFO] Booting worker with pid: 10853
[2022-10-14 03:12:44 +0200] [10854] [INFO] Booting worker with pid: 10854
[2022-10-14 03:12:44 +0200] [10855] [INFO] Booting worker with pid: 10855
[2022-10-14 07:53:36 +0200] [11837] [INFO] Starting gunicorn 20.1.0
[2022-10-14 07:53:36 +0200] [11837] [INFO] Listening at: http://0.0.0.0:7050 (11837)
[2022-10-14 07:53:36 +0200] [11837] [INFO] Using worker: sync
[2022-10-14 07:53:36 +0200] [11838] [INFO] Booting worker with pid: 11838
[2022-10-14 07:53:36 +0200] [11839] [INFO] Booting worker with pid: 11839
[2022-10-14 07:53:36 +0200] [11840] [INFO] Booting worker with pid: 11840
[2022-10-14 07:53:36 +0200] [11841] [INFO] Booting worker with pid: 11841
[2022-10-14 08:01:36 +0200] [11914] [INFO] Starting gunicorn 20.1.0
[2022-10-14 08:01:36 +0200] [11914] [INFO] Listening at: http://0.0.0.0:7050 (11914)
[2022-10-14 08:01:36 +0200] [11914] [INFO] Using worker: sync
[2022-10-14 08:01:36 +0200] [11915] [INFO] Booting worker with pid: 11915
[2022-10-14 08:01:36 +0200] [11916] [INFO] Booting worker with pid: 11916
[2022-10-14 08:01:36 +0200] [11917] [INFO] Booting worker with pid: 11917
[2022-10-14 08:01:36 +0200] [11918] [INFO] Booting worker with pid: 11918
[2022-10-14 08:06:18 +0200] [11955] [INFO] Starting gunicorn 20.1.0
[2022-10-14 08:06:18 +0200] [11955] [INFO] Listening at: http://0.0.0.0:7050 (11955)
[2022-10-14 08:06:18 +0200] [11955] [INFO] Using worker: sync
[2022-10-14 08:06:18 +0200] [11956] [INFO] Booting worker with pid: 11956
[2022-10-14 08:06:18 +0200] [11957] [INFO] Booting worker with pid: 11957
[2022-10-14 08:06:18 +0200] [11958] [INFO] Booting worker with pid: 11958
[2022-10-14 08:06:18 +0200] [11959] [INFO] Booting worker with pid: 11959
[2022-10-14 08:08:30 +0200] [12003] [INFO] Starting gunicorn 20.1.0
[2022-10-14 08:08:30 +0200] [12003] [INFO] Listening at: http://0.0.0.0:7050 (12003)
[2022-10-14 08:08:30 +0200] [12003] [INFO] Using worker: sync
[2022-10-14 08:08:30 +0200] [12004] [INFO] Booting worker with pid: 12004
[2022-10-14 08:08:30 +0200] [12005] [INFO] Booting worker with pid: 12005
[2022-10-14 08:08:30 +0200] [12006] [INFO] Booting worker with pid: 12006
[2022-10-14 08:08:30 +0200] [12007] [INFO] Booting worker with pid: 12007
[2022-10-14 09:21:36 +0200] [12328] [INFO] Starting gunicorn 20.1.0
[2022-10-14 09:21:36 +0200] [12328] [INFO] Listening at: http://0.0.0.0:7050 (12328)
[2022-10-14 09:21:36 +0200] [12328] [INFO] Using worker: sync
[2022-10-14 09:21:36 +0200] [12329] [INFO] Booting worker with pid: 12329
[2022-10-14 09:21:36 +0200] [12330] [INFO] Booting worker with pid: 12330
[2022-10-14 09:21:36 +0200] [12331] [INFO] Booting worker with pid: 12331
[2022-10-14 09:21:36 +0200] [12332] [INFO] Booting worker with pid: 12332
