2022-09-12 17:10:37,585 INFO: =============== Logger Level Set To [INFO]===============
2022-09-12 17:11:45,522 INFO: =============== Logger Level Set To [INFO]===============
2022-09-12 17:12:30,925 INFO: =============== Logger Level Set To [INFO]===============
2022-09-12 17:13:15,886 INFO: =============== Logger Level Set To [INFO]===============
2022-09-12 17:23:37,262 INFO: =============== Logger Level Set To [INFO]===============
2022-09-12 17:24:34,877 INFO: =============== Logger Level Set To [INFO]===============
2022-09-12 17:28:16,445 INFO: =============== Logger Level Set To [INFO]===============
2022-09-12 17:28:33,149 INFO: =============== Logger Level Set To [INFO]===============
2022-09-12 17:30:06,275 INFO: =============== Logger Level Set To [INFO]===============
2022-09-12 17:30:06,278 INFO: All Services
2022-09-12 18:15:08,310 INFO: =============== Logger Level Set To [INFO]===============
2022-09-12 18:15:45,562 INFO: =============== Logger Level Set To [INFO]===============
2022-09-12 18:17:02,561 INFO: =============== Logger Level Set To [INFO]===============
2022-09-12 18:17:02,564 INFO: All Services
2022-09-12 18:26:43,090 INFO: =============== Logger Level Set To [INFO]===============
2022-09-12 18:26:55,775 INFO: =============== Logger Level Set To [INFO]===============
2022-09-12 18:26:55,778 INFO: All Services
2022-09-12 18:34:29,195 INFO: =============== Logger Level Set To [INFO]===============
2022-09-12 18:34:29,198 INFO: All Services
2022-09-12 18:34:35,145 INFO: =============== Logger Level Set To [INFO]===============
2022-09-12 18:34:35,178 INFO: All Services
2022-09-12 19:54:20,969 INFO: =============== Logger Level Set To [INFO]===============
2022-09-12 19:55:42,827 INFO: =============== Logger Level Set To [INFO]===============
2022-09-12 19:55:42,862 INFO: All Services
2022-09-12 19:57:15,362 INFO: =============== Logger Level Set To [INFO]===============
2022-09-12 20:54:44,749 INFO: =============== Logger Level Set To [INFO]===============
2022-09-12 20:54:44,752 WARNING: Service httpd already added.
2022-09-13 10:59:29,445 INFO: =============== Logger Level Set To [INFO]===============
2022-09-14 10:39:39,321 INFO: =============== Logger Level Set To [INFO]===============
2022-09-14 10:40:05,318 INFO: =============== Logger Level Set To [INFO]===============
2022-09-14 10:41:00,251 INFO: =============== Logger Level Set To [INFO]===============
2022-09-14 10:44:31,860 INFO: =============== Logger Level Set To [20]===============
2022-09-14 10:45:15,484 INFO: =============== Logger Level Set To [20]===============
2022-09-14 10:45:50,236 INFO: =============== Logger Level Set To [20]===============
2022-09-14 10:46:26,711 INFO: =============== Logger Level Set To [20]===============
2022-09-14 10:49:23,317 INFO: =============== Logger Level Set To [20]===============
2022-09-14 10:49:32,641 INFO: =============== Logger Level Set To [20]===============
2022-09-14 10:50:04,223 INFO: =============== Logger Level Set To [20]===============
2022-09-14 10:51:17,099 INFO: =============== Logger Level Set To [20]===============
2022-09-14 10:51:36,434 INFO: =============== Logger Level Set To [20]===============
2022-09-14 10:51:36,435 INFO: test
2022-09-14 10:51:36,455 INFO: [31m[1mWARNING: This is a development server. Do not use it in a production deployment. Use a production WSGI server instead.[0m
 * Running on http://127.0.0.1:7050
2022-09-14 10:51:36,455 INFO: [33mPress CTRL+C to quit[0m
2022-09-14 10:51:36,457 INFO:  * Restarting with stat
2022-09-14 10:51:36,938 INFO: =============== Logger Level Set To [20]===============
2022-09-14 10:51:36,938 INFO: test
2022-09-14 10:51:36,955 WARNING:  * Debugger is active!
2022-09-14 10:51:36,959 INFO:  * Debugger PIN: 117-724-678
2022-09-14 10:51:52,926 INFO: 127.0.0.1 - - [14/Sep/2022 10:51:52] "GET /84e3b078-bb76-11ea-b3de-0242ac130004/files/ HTTP/1.1" 200 -
2022-09-14 10:52:04,879 INFO:  * Detected change in '/mnt/hgfs/clustervision/luna2-daemon/luna.py', reloading
2022-09-14 10:52:04,963 INFO:  * Restarting with stat
2022-09-14 10:52:05,467 INFO: =============== Logger Level Set To [20]===============
2022-09-14 10:52:05,467 INFO: test
2022-09-14 10:52:05,483 WARNING:  * Debugger is active!
2022-09-14 10:52:05,488 INFO:  * Debugger PIN: 117-724-678
2022-09-14 10:52:54,996 INFO:  * Detected change in '/mnt/hgfs/clustervision/luna2-daemon/utils/log.py', reloading
2022-09-14 10:52:55,079 INFO:  * Restarting with stat
2022-09-14 10:59:33,907 INFO: =============== Logger Level Set To [20]===============
2022-09-14 11:05:38,631 INFO: =============== Logger Level Set To [20]===============
2022-09-14 11:05:38,631 INFO: test
2022-09-14 11:05:38,649 INFO: [31m[1mWARNING: This is a development server. Do not use it in a production deployment. Use a production WSGI server instead.[0m
 * Running on http://127.0.0.1:7050
2022-09-14 11:05:38,649 INFO: [33mPress CTRL+C to quit[0m
2022-09-14 11:05:38,650 INFO:  * Restarting with stat
2022-09-14 11:05:39,119 INFO: =============== Logger Level Set To [20]===============
2022-09-14 11:05:39,120 INFO: test
2022-09-14 11:05:39,136 WARNING:  * Debugger is active!
2022-09-14 11:05:39,139 INFO:  * Debugger PIN: 117-724-678
2022-09-14 11:07:15,082 INFO:  * Detected change in '/mnt/hgfs/clustervision/luna2-daemon/luna.py', reloading
2022-09-14 11:07:15,166 INFO:  * Restarting with stat
2022-09-14 11:07:15,672 INFO: =============== Logger Level Set To [20]===============
2022-09-14 11:07:15,673 INFO: test
2022-09-14 11:07:15,689 WARNING:  * Debugger is active!
2022-09-14 11:07:15,693 INFO:  * Debugger PIN: 117-724-678
2022-09-14 11:07:55,942 INFO:  * Detected change in '/mnt/hgfs/clustervision/luna2-daemon/utils/log.py', reloading
2022-09-14 11:07:56,025 INFO:  * Restarting with stat
2022-09-14 11:08:20,150 INFO: =============== Logger Level Set To [20]===============
2022-09-14 11:08:20,150 INFO: test
2022-09-14 11:08:20,167 INFO: [31m[1mWARNING: This is a development server. Do not use it in a production deployment. Use a production WSGI server instead.[0m
 * Running on http://127.0.0.1:7050
2022-09-14 11:08:20,167 INFO: [33mPress CTRL+C to quit[0m
2022-09-14 11:08:20,168 INFO:  * Restarting with stat
2022-09-14 11:08:20,612 INFO: =============== Logger Level Set To [20]===============
2022-09-14 11:08:20,612 INFO: test
2022-09-14 11:08:20,628 WARNING:  * Debugger is active!
2022-09-14 11:08:20,632 INFO:  * Debugger PIN: 117-724-678
2022-09-14 11:08:25,829 INFO:  * Detected change in '/mnt/hgfs/clustervision/luna2-daemon/utils/log.py', reloading
2022-09-14 11:08:25,921 INFO:  * Restarting with stat
2022-09-14 11:08:26,405 INFO: =============== Logger Level Set To [20]===============
2022-09-14 11:08:26,405 INFO: test
2022-09-14 11:08:26,422 WARNING:  * Debugger is active!
2022-09-14 11:08:26,426 INFO:  * Debugger PIN: 117-724-678
2022-09-14 11:11:29,026 INFO:  * Detected change in '/mnt/hgfs/clustervision/luna2-daemon/utils/log.py', reloading
2022-09-14 11:11:29,115 INFO:  * Restarting with stat
2022-09-14 11:14:02,219 INFO: =============== Logger Level Set To [20]===============
2022-09-14 11:14:02,220 INFO: test
2022-09-14 11:14:02,238 INFO: [31m[1mWARNING: This is a development server. Do not use it in a production deployment. Use a production WSGI server instead.[0m
 * Running on http://127.0.0.1:7050
2022-09-14 11:14:02,239 INFO: [33mPress CTRL+C to quit[0m
2022-09-14 11:14:02,240 INFO:  * Restarting with stat
2022-09-14 11:14:02,707 INFO: =============== Logger Level Set To [20]===============
2022-09-14 11:14:02,708 INFO: test
2022-09-14 11:14:02,724 WARNING:  * Debugger is active!
2022-09-14 11:14:02,728 INFO:  * Debugger PIN: 117-724-678
2022-09-14 11:14:09,985 INFO:  * Detected change in '/mnt/hgfs/clustervision/luna2-daemon/utils/log.py', reloading
2022-09-14 11:14:10,068 INFO:  * Restarting with stat
2022-09-14 11:14:10,559 INFO: =============== Logger Level Set To [20]===============
2022-09-14 11:14:10,560 INFO: test
2022-09-14 11:14:10,578 WARNING:  * Debugger is active!
2022-09-14 11:14:10,582 INFO:  * Debugger PIN: 117-724-678
2022-09-14 11:41:01,526 INFO: 127.0.0.1 - - [14/Sep/2022 11:41:01] "GET /84e3b078-bb76-11ea-b3de-0242ac130004/files/ HTTP/1.1" 200 -
2022-09-14 11:41:17,148 INFO:  * Detected change in '/mnt/hgfs/clustervision/luna2-daemon/luna.py', reloading
2022-09-14 11:41:17,297 INFO:  * Restarting with stat
2022-09-14 11:41:23,707 INFO:  * Restarting with stat
2022-09-14 11:42:55,538 INFO:  * Restarting with stat
2022-09-14 12:09:06,881 INFO: =============== Logger Level Set To [20]===============
2022-09-14 12:09:07,639 WARNING:  * Debugger is active!
2022-09-14 12:09:07,649 INFO:  * Debugger PIN: 117-724-678
2022-09-14 12:09:14,488 INFO:  * Detected change in '/mnt/hgfs/clustervision/luna2-daemon/luna.py', reloading
2022-09-14 12:09:15,276 INFO: =============== Logger Level Set To [20]===============
2022-09-14 12:09:16,090 WARNING:  * Debugger is active!
2022-09-14 12:09:16,098 INFO:  * Debugger PIN: 117-724-678
2022-09-14 12:10:29,278 INFO:  * Detected change in '/mnt/hgfs/clustervision/luna2-daemon/utils/log.py', reloading
2022-09-14 12:10:30,006 INFO: =============== Logger Level Set To [INFO]===============
2022-09-14 12:10:30,785 WARNING:  * Debugger is active!
2022-09-14 12:10:30,794 INFO:  * Debugger PIN: 117-724-678
2022-09-14 12:11:11,010 INFO:  * Detected change in '/mnt/hgfs/clustervision/luna2-daemon/luna.py', reloading
2022-09-14 12:11:11,727 INFO: =============== Logger Level Set To [INFO]===============
2022-09-14 12:11:12,465 WARNING:  * Debugger is active!
2022-09-14 12:11:12,475 INFO:  * Debugger PIN: 117-724-678
2022-09-14 12:11:30,459 INFO:  * Detected change in '/mnt/hgfs/clustervision/luna2-daemon/luna.py', reloading
2022-09-14 12:11:31,226 INFO: =============== Logger Level Set To [INFO]===============
2022-09-14 12:11:32,065 WARNING:  * Debugger is active!
2022-09-14 12:11:32,074 INFO:  * Debugger PIN: 117-724-678
2022-09-14 12:13:53,876 INFO: 127.0.0.1 - - [14/Sep/2022 12:13:53] "GET /84e3b078-bb76-11ea-b3de-0242ac130004/files/ HTTP/1.1" 200 -
2022-09-14 12:14:04,904 INFO: =============== Logger Level Set To [INFO]===============
2022-09-14 12:14:05,681 INFO: [31m[1mWARNING: This is a development server. Do not use it in a production deployment. Use a production WSGI server instead.[0m
 * Running on http://127.0.0.1:7050
2022-09-14 12:14:05,682 INFO: [33mPress CTRL+C to quit[0m
2022-09-14 12:14:05,684 INFO:  * Restarting with stat
2022-09-14 12:14:06,310 INFO: =============== Logger Level Set To [INFO]===============
2022-09-14 12:14:07,140 WARNING:  * Debugger is active!
2022-09-14 12:14:07,147 INFO:  * Debugger PIN: 117-724-678
2022-09-14 12:14:22,068 INFO: 127.0.0.1 - - [14/Sep/2022 12:14:22] "GET /84e3b078-bb76-11ea-b3de-0242ac130004/files/ HTTP/1.1" 200 -
2022-09-14 12:14:54,262 INFO:  * Detected change in '/mnt/hgfs/clustervision/luna2-daemon/luna.py', reloading
2022-09-14 12:14:54,473 INFO:  * Restarting with stat
2022-09-14 12:14:55,052 INFO: =============== Logger Level Set To [INFO]===============
2022-09-14 12:14:55,913 WARNING:  * Debugger is active!
2022-09-14 12:14:55,922 INFO:  * Debugger PIN: 117-724-678
2022-09-14 12:14:58,001 INFO: 127.0.0.1 - - [14/Sep/2022 12:14:58] "GET /84e3b078-bb76-11ea-b3de-0242ac130004/files/ HTTP/1.1" 200 -
2022-09-14 12:16:17,234 INFO: =============== Logger Level Set To [DEBUG]===============
2022-09-14 12:16:17,992 INFO: [31m[1mWARNING: This is a development server. Do not use it in a production deployment. Use a production WSGI server instead.[0m
 * Running on http://127.0.0.1:7050
2022-09-14 12:16:17,992 INFO: [33mPress CTRL+C to quit[0m
2022-09-14 12:16:17,995 INFO:  * Restarting with stat
2022-09-14 12:16:18,558 INFO: =============== Logger Level Set To [DEBUG]===============
2022-09-14 12:16:19,403 WARNING:  * Debugger is active!
2022-09-14 12:16:19,412 INFO:  * Debugger PIN: 117-724-678
2022-09-14 12:16:37,781 DEBUG: 84e3b078-bb76-11ea-b3de-0242ac130004
2022-09-14 12:16:37,800 INFO: 127.0.0.1 - - [14/Sep/2022 12:16:37] "GET /84e3b078-bb76-11ea-b3de-0242ac130004/files/ HTTP/1.1" 200 -
2022-09-14 12:24:20,461 INFO:  * Detected change in '/mnt/hgfs/clustervision/luna2-daemon/luna.py', reloading
2022-09-14 12:24:20,632 INFO:  * Restarting with stat
2022-09-14 12:24:21,121 INFO: =============== Logger Level Set To [DEBUG]===============
2022-09-14 12:24:21,880 WARNING:  * Debugger is active!
2022-09-14 12:24:21,892 INFO:  * Debugger PIN: 117-724-678
2022-09-14 12:24:25,495 INFO: 84e3b078-bb76-11ea-b3de-0242ac130004
2022-09-14 12:24:25,514 INFO: 127.0.0.1 - - [14/Sep/2022 12:24:25] "GET /84e3b078-bb76-11ea-b3de-0242ac130004/files/ HTTP/1.1" 200 -
2022-09-14 12:25:08,014 INFO:  * Detected change in '/mnt/hgfs/clustervision/luna2-daemon/luna.py', reloading
2022-09-14 12:25:08,197 INFO:  * Restarting with stat
2022-09-14 12:25:08,738 INFO: =============== Logger Level Set To [DEBUG]===============
2022-09-14 12:25:09,552 WARNING:  * Debugger is active!
2022-09-14 12:25:09,560 INFO:  * Debugger PIN: 117-724-678
2022-09-14 12:25:11,626 WARNING: 84e3b078-bb76-11ea-b3de-0242ac130004
2022-09-14 12:25:11,650 INFO: 127.0.0.1 - - [14/Sep/2022 12:25:11] "GET /84e3b078-bb76-11ea-b3de-0242ac130004/files/ HTTP/1.1" 200 -
2022-09-14 12:27:15,206 WARNING: 84e3b078-bb76-11ea-b3de-0242ac130004
2022-09-14 12:27:15,228 INFO: 127.0.0.1 - - [14/Sep/2022 12:27:15] "GET /84e3b078-bb76-11ea-b3de-0242ac130004/files/ HTTP/1.1" 200 -
2022-09-14 13:22:04,972 WARNING: 84e3b078-bb76-11ea-b3de-0242ac130004
2022-09-14 13:22:05,002 INFO: 127.0.0.1 - - [14/Sep/2022 13:22:05] "GET /84e3b078-bb76-11ea-b3de-0242ac130004/files/ HTTP/1.1" 200 -
2022-09-14 13:22:06,773 WARNING: 84e3b078-bb76-11ea-b3de-0242ac130004
2022-09-14 13:22:06,798 INFO: 127.0.0.1 - - [14/Sep/2022 13:22:06] "GET /84e3b078-bb76-11ea-b3de-0242ac130004/files/ HTTP/1.1" 200 -
2022-09-14 13:23:04,080 INFO:  * Detected change in '/mnt/hgfs/clustervision/luna2-daemon/luna.py', reloading
2022-09-14 13:23:04,271 INFO:  * Restarting with stat
2022-09-14 13:23:04,734 INFO: =============== Logger Level Set To [DEBUG]===============
2022-09-14 13:23:05,598 WARNING:  * Debugger is active!
2022-09-14 13:23:05,606 INFO:  * Debugger PIN: 117-724-678
2022-09-14 13:23:08,057 INFO: 84e3b078-bb76-11ea-b3de-0242ac130004
2022-09-14 13:23:08,100 INFO: 127.0.0.1 - - [14/Sep/2022 13:23:08] "GET /84e3b078-bb76-11ea-b3de-0242ac130004/files/ HTTP/1.1" 200 -
2022-09-14 13:23:09,255 INFO: 84e3b078-bb76-11ea-b3de-0242ac130004
2022-09-14 13:23:09,301 INFO: 127.0.0.1 - - [14/Sep/2022 13:23:09] "GET /84e3b078-bb76-11ea-b3de-0242ac130004/files/ HTTP/1.1" 200 -
2022-09-14 13:23:10,035 INFO: 84e3b078-bb76-11ea-b3de-0242ac130004
2022-09-14 13:23:10,066 INFO: 127.0.0.1 - - [14/Sep/2022 13:23:10] "GET /84e3b078-bb76-11ea-b3de-0242ac130004/files/ HTTP/1.1" 200 -
2022-09-14 13:23:46,437 INFO:  * Detected change in '/mnt/hgfs/clustervision/luna2-daemon/utils/log.py', reloading
2022-09-14 13:23:46,633 INFO:  * Restarting with stat
2022-09-14 13:23:47,045 INFO: =============== Logger Level Set To [DEBUG]===============
2022-09-14 13:23:47,840 WARNING:  * Debugger is active!
2022-09-14 13:23:47,849 INFO:  * Debugger PIN: 117-724-678
2022-09-14 13:24:46,961 INFO: =============== Logger Level Set To [DEBUG]===============
2022-09-14 13:24:47,749 INFO: [31m[1mWARNING: This is a development server. Do not use it in a production deployment. Use a production WSGI server instead.[0m
 * Running on http://127.0.0.1:7050
2022-09-14 13:24:47,749 INFO: [33mPress CTRL+C to quit[0m
2022-09-14 13:24:47,752 INFO:  * Restarting with stat
2022-09-14 13:24:48,225 INFO: =============== Logger Level Set To [DEBUG]===============
2022-09-14 13:24:48,993 WARNING:  * Debugger is active!
2022-09-14 13:24:49,003 INFO:  * Debugger PIN: 117-724-678
2022-09-14 13:27:42,729 INFO:  * Detected change in '/mnt/hgfs/clustervision/luna2-daemon/utils/log.py', reloading
2022-09-14 13:27:42,914 INFO:  * Restarting with stat
2022-09-14 13:34:18,784 INFO:  * Restarting with stat
2022-09-14 13:34:34,022 INFO: =============== Logger Level Set To [10]===============
2022-09-14 13:34:34,075 INFO: [31m[1mWARNING: This is a development server. Do not use it in a production deployment. Use a production WSGI server instead.[0m
 * Running on http://127.0.0.1:7050
2022-09-14 13:34:34,076 INFO: [33mPress CTRL+C to quit[0m
2022-09-14 13:34:34,080 INFO:  * Restarting with stat
2022-09-14 13:34:35,556 INFO: =============== Logger Level Set To [10]===============
2022-09-14 13:34:35,607 WARNING:  * Debugger is active!
2022-09-14 13:34:35,615 INFO:  * Debugger PIN: 117-724-678
2022-09-14 13:34:54,707 INFO: =============== Logger Level Set To [10]===============
2022-09-14 13:34:54,750 INFO: [31m[1mWARNING: This is a development server. Do not use it in a production deployment. Use a production WSGI server instead.[0m
 * Running on http://127.0.0.1:7050
2022-09-14 13:34:54,752 INFO: [33mPress CTRL+C to quit[0m
2022-09-14 13:34:54,756 INFO:  * Restarting with stat
2022-09-14 13:34:56,203 INFO: =============== Logger Level Set To [10]===============
2022-09-14 13:34:56,263 WARNING:  * Debugger is active!
2022-09-14 13:34:56,274 INFO:  * Debugger PIN: 117-724-678
2022-09-14 13:35:06,041 INFO:  * Detected change in '/mnt/hgfs/clustervision/luna2-daemon/luna.py', reloading
2022-09-14 13:35:06,194 INFO:  * Restarting with stat
2022-09-14 13:35:07,344 INFO: =============== Logger Level Set To [10]===============
2022-09-14 13:35:07,378 WARNING:  * Debugger is active!
2022-09-14 13:35:07,387 INFO:  * Debugger PIN: 117-724-678
2022-09-14 13:35:08,838 INFO:  * Detected change in '/mnt/hgfs/clustervision/luna2-daemon/luna.py', reloading
2022-09-14 13:35:09,039 INFO:  * Restarting with stat
2022-09-14 13:35:10,450 INFO: =============== Logger Level Set To [10]===============
2022-09-14 13:35:10,501 WARNING:  * Debugger is active!
2022-09-14 13:35:10,510 INFO:  * Debugger PIN: 117-724-678
2022-09-14 13:35:14,343 INFO: =============== Logger Level Set To [10]===============
2022-09-14 13:35:14,395 INFO: [31m[1mWARNING: This is a development server. Do not use it in a production deployment. Use a production WSGI server instead.[0m
 * Running on http://127.0.0.1:7050
2022-09-14 13:35:14,396 INFO: [33mPress CTRL+C to quit[0m
2022-09-14 13:35:14,398 INFO:  * Restarting with stat
2022-09-14 13:35:15,688 INFO: =============== Logger Level Set To [10]===============
2022-09-14 13:35:15,743 WARNING:  * Debugger is active!
2022-09-14 13:35:15,751 INFO:  * Debugger PIN: 117-724-678
2022-09-14 13:35:34,590 INFO:  * Detected change in '/mnt/hgfs/clustervision/luna2-daemon/luna.py', reloading
2022-09-14 13:35:34,774 INFO:  * Restarting with stat
2022-09-14 13:35:36,045 INFO: =============== Logger Level Set To [10]===============
2022-09-14 13:35:36,100 WARNING:  * Debugger is active!
2022-09-14 13:35:36,109 INFO:  * Debugger PIN: 117-724-678
2022-09-14 13:38:00,139 INFO:  * Detected change in '/mnt/hgfs/clustervision/luna2-daemon/luna.py', reloading
2022-09-14 13:38:00,328 INFO:  * Restarting with stat
2022-09-14 13:42:16,721 INFO: =============== Logger Level Set To [10]===============
2022-09-14 13:42:16,721 DEBUG: test
2022-09-14 13:42:16,753 WARNING:  * Debugger is active!
2022-09-14 13:42:16,763 INFO:  * Debugger PIN: 117-724-678
2022-09-14 13:42:57,839 INFO:  * Detected change in '/mnt/hgfs/clustervision/luna2-daemon/luna.py', reloading
2022-09-14 13:42:59,473 INFO: =============== Logger Level Set To [10]===============
2022-09-14 13:42:59,474 INFO: test
2022-09-14 13:42:59,536 WARNING:  * Debugger is active!
2022-09-14 13:42:59,546 INFO:  * Debugger PIN: 117-724-678
2022-09-14 13:43:05,866 INFO:  * Detected change in '/mnt/hgfs/clustervision/luna2-daemon/luna.py', reloading
2022-09-14 13:43:07,384 INFO: =============== Logger Level Set To [10]===============
2022-09-14 13:43:07,385 CRITICAL: test
2022-09-14 13:43:07,432 WARNING:  * Debugger is active!
2022-09-14 13:43:07,441 INFO:  * Debugger PIN: 117-724-678
2022-09-14 13:43:12,463 INFO:  * Detected change in '/mnt/hgfs/clustervision/luna2-daemon/luna.py', reloading
2022-09-14 13:43:13,875 INFO: =============== Logger Level Set To [10]===============
2022-09-14 13:43:13,876 DEBUG: test
2022-09-14 13:43:13,919 WARNING:  * Debugger is active!
2022-09-14 13:43:13,927 INFO:  * Debugger PIN: 117-724-678
2022-09-14 13:43:41,899 INFO:  * Detected change in '/mnt/hgfs/clustervision/luna2-daemon/utils/log.py', reloading
2022-09-14 13:43:43,471 INFO: =============== Logger Level Set To [DEBUG]===============
2022-09-14 13:43:43,472 DEBUG: test
2022-09-14 13:43:43,525 WARNING:  * Debugger is active!
2022-09-14 13:43:43,535 INFO:  * Debugger PIN: 117-724-678
2022-09-14 13:45:07,918 INFO:  * Detected change in '/mnt/hgfs/clustervision/luna2-daemon/utils/log.py', reloading
2022-09-14 13:45:09,323 INFO: =============== Logger Level Set To [DEBUG]===============
2022-09-14 13:45:09,324 DEBUG: test
2022-09-14 13:45:09,376 WARNING:  * Debugger is active!
2022-09-14 13:45:09,384 INFO:  * Debugger PIN: 117-724-678
2022-09-14 13:45:23,675 INFO: =============== Logger Level Set To [DEBUG]===============
2022-09-14 13:45:23,677 DEBUG: test
2022-09-14 13:45:23,738 INFO: [31m[1mWARNING: This is a development server. Do not use it in a production deployment. Use a production WSGI server instead.[0m
 * Running on http://127.0.0.1:7050
2022-09-14 13:45:23,740 INFO: [33mPress CTRL+C to quit[0m
2022-09-14 13:45:23,744 INFO:  * Restarting with stat
2022-09-14 13:45:25,174 INFO: =============== Logger Level Set To [DEBUG]===============
2022-09-14 13:45:25,175 DEBUG: test
2022-09-14 13:45:25,231 WARNING:  * Debugger is active!
2022-09-14 13:45:25,241 INFO:  * Debugger PIN: 117-724-678
2022-09-14 13:46:22,145 INFO:  * Detected change in '/mnt/hgfs/clustervision/luna2-daemon/luna.py', reloading
2022-09-14 13:46:22,294 INFO:  * Restarting with stat
2022-09-14 13:46:23,621 INFO: =============== Logger Level Set To [DEBUG]===============
